Signer cosmos14469fytjzrtgqpgra3983cuvrp0e2mlz3e686k Height 284665 TxHash 0F451D7E7E5D1E223765BC91BC776D9E60772DDCFF9EFC1750CE8FCC6B99166F
Signer cosmos14469fytjzrtgqpgra3983cuvrp0e2mlz3e686k Height 284665 TxHash 0F451D7E7E5D1E223765BC91BC776D9E60772DDCFF9EFC1750CE8FCC6B99166F
Signer cosmos1mxves3jchrjertqjlrgypzlfwrd4v626nd4n37 Height 284666 TxHash 79D77CFA11F1F46180336F727F23B3111A78C3BD44BE293EC1A2E3C300986022
Signer cosmos1mxves3jchrjertqjlrgypzlfwrd4v626nd4n37 Height 284666 TxHash 79D77CFA11F1F46180336F727F23B3111A78C3BD44BE293EC1A2E3C300986022
Signer cosmos14469fytjzrtgqpgra3983cuvrp0e2mlz3e686k Height 284668 TxHash 2EB6B8920E243072AA388C36418D7AC7A4C3F27BCAF5E5A6A4438103893015E7
Signer cosmos14469fytjzrtgqpgra3983cuvrp0e2mlz3e686k Height 284668 TxHash 2EB6B8920E243072AA388C36418D7AC7A4C3F27BCAF5E5A6A4438103893015E7
Signer cosmos14469fytjzrtgqpgra3983cuvrp0e2mlz3e686k Height 284668 TxHash 2EB6B8920E243072AA388C36418D7AC7A4C3F27BCAF5E5A6A4438103893015E7
Signer cosmos14469fytjzrtgqpgra3983cuvrp0e2mlz3e686k Height 284670 TxHash 5A56AABC21D4B1B741220AD7A4D273FC1880A7300792F9548807721A95DA4944
Signer cosmos14469fytjzrtgqpgra3983cuvrp0e2mlz3e686k Height 284670 TxHash 5A56AABC21D4B1B741220AD7A4D273FC1880A7300792F9548807721A95DA4944
Signer cosmos1n04zsk3szg2ywxvaad9u7790k83nnjfqa8nt9q Height 284671 TxHash 7D8F3125994DC1C4A85E16D7CD0400EE46E1A2E7C6B7BDECF227FE6244921CE5
Signer cosmos1tdwk9hmmhsehmlcuxsc5k6zm06uce5caj9e3nn Height 284672 TxHash 19ECF6DB77635EA040DBDB324BB876FC2DBF6CE028B038B1253FF529AAE531CA
Signer cosmos1p8ywrdl0ygchke8xtw8vg924s70dxl4vnykslt Height 284673 TxHash 05E311AF31C1029B4C9A937116B7843766FE8D29E4AE544F056A1D0FA0983327
Signer cosmos1v7726cex3q0cq5h45we46dq4pa8aezf7gyvwnh Height 284674 TxHash 6C104EDE4AD0BD549E9AD6DC8AF5781B05D5A023A16FD678C19F997B11B5AEB6
Signer cosmos14469fytjzrtgqpgra3983cuvrp0e2mlz3e686k Height 284675 TxHash 1B4B529FB6960CACC3CB4337342F5AF548F19955C487EE76D67C321CFD37FD96
Signer cosmos14469fytjzrtgqpgra3983cuvrp0e2mlz3e686k Height 284675 TxHash 1B4B529FB6960CACC3CB4337342F5AF548F19955C487EE76D67C321CFD37FD96
Signer cosmos14469fytjzrtgqpgra3983cuvrp0e2mlz3e686k Height 284675 TxHash 1B4B529FB6960CACC3CB4337342F5AF548F19955C487EE76D67C321CFD37FD96
Signer cosmos14469fytjzrtgqpgra3983cuvrp0e2mlz3e686k Height 284675 TxHash 1B4B529FB6960CACC3CB4337342F5AF548F19955C487EE76D67C321CFD37FD96
Signer cosmos14469fytjzrtgqpgra3983cuvrp0e2mlz3e686k Height 284677 TxHash 7ADFFCF2A65C7BAF7798BE0DF05B9C354E9C8437E11128DB333AD207182F1C9F
Signer cosmos14469fytjzrtgqpgra3983cuvrp0e2mlz3e686k Height 284677 TxHash 7ADFFCF2A65C7BAF7798BE0DF05B9C354E9C8437E11128DB333AD207182F1C9F
Signer cosmos14469fytjzrtgqpgra3983cuvrp0e2mlz3e686k Height 284677 TxHash 7ADFFCF2A65C7BAF7798BE0DF05B9C354E9C8437E11128DB333AD207182F1C9F
