Signer cosmos1tdwk9hmmhsehmlcuxsc5k6zm06uce5caj9e3nn Height 284678 TxHash E407DC06093D8CEDF209EFA144011726FAC59BB1F1298E837ED294AF24176E2E
Signer cosmos14469fytjzrtgqpgra3983cuvrp0e2mlz3e686k Height 284679 TxHash 31CFC4F1F80160AAEB5D912E8B8E9E74875F8C5C72FD33CC7436465623A02E5C
Signer cosmos14469fytjzrtgqpgra3983cuvrp0e2mlz3e686k Height 284679 TxHash 31CFC4F1F80160AAEB5D912E8B8E9E74875F8C5C72FD33CC7436465623A02E5C
Signer cosmos14469fytjzrtgqpgra3983cuvrp0e2mlz3e686k Height 284679 TxHash 31CFC4F1F80160AAEB5D912E8B8E9E74875F8C5C72FD33CC7436465623A02E5C
Signer cosmos14469fytjzrtgqpgra3983cuvrp0e2mlz3e686k Height 284681 TxHash 3F679EFF4091F73D2C7FC9A4EE167633D917D1375C373C4229EC52EC198ADA76
Signer cosmos14469fytjzrtgqpgra3983cuvrp0e2mlz3e686k Height 284681 TxHash 3F679EFF4091F73D2C7FC9A4EE167633D917D1375C373C4229EC52EC198ADA76
Signer cosmos14469fytjzrtgqpgra3983cuvrp0e2mlz3e686k Height 284681 TxHash 3F679EFF4091F73D2C7FC9A4EE167633D917D1375C373C4229EC52EC198ADA76
Signer cosmos14469fytjzrtgqpgra3983cuvrp0e2mlz3e686k Height 284683 TxHash B9A62BBD190486F4E766E6216A7AE09FDC23E1728DC9A7B93BA6893602813B9D
Signer cosmos14469fytjzrtgqpgra3983cuvrp0e2mlz3e686k Height 284683 TxHash B9A62BBD190486F4E766E6216A7AE09FDC23E1728DC9A7B93BA6893602813B9D
Signer cosmos14469fytjzrtgqpgra3983cuvrp0e2mlz3e686k Height 284684 TxHash 7F3210CA83B92A6A870DF032C4D43D8B30CAC51504AA7C7EA2534E24BE3FB975
Signer cosmos14469fytjzrtgqpgra3983cuvrp0e2mlz3e686k Height 284684 TxHash 7F3210CA83B92A6A870DF032C4D43D8B30CAC51504AA7C7EA2534E24BE3FB975
Signer cosmos14469fytjzrtgqpgra3983cuvrp0e2mlz3e686k Height 284684 TxHash 7F3210CA83B92A6A870DF032C4D43D8B30CAC51504AA7C7EA2534E24BE3FB975
Signer cosmos1v7726cex3q0cq5h45we46dq4pa8aezf7gyvwnh Height 284685 TxHash A8BE7211001ECE934C964F54A25BED2EFC45DC8B5AF22A3B01B7A93841CB6663
Signer cosmos14469fytjzrtgqpgra3983cuvrp0e2mlz3e686k Height 284687 TxHash 2A5F56FACC28B74D1795FE36356861EEF3D7CEDD084A88C5CA0A75221C0F8E0D
Signer cosmos14469fytjzrtgqpgra3983cuvrp0e2mlz3e686k Height 284687 TxHash 2A5F56FACC28B74D1795FE36356861EEF3D7CEDD084A88C5CA0A75221C0F8E0D
Signer cosmos14469fytjzrtgqpgra3983cuvrp0e2mlz3e686k Height 284687 TxHash 2A5F56FACC28B74D1795FE36356861EEF3D7CEDD084A88C5CA0A75221C0F8E0D
Signer cosmos14469fytjzrtgqpgra3983cuvrp0e2mlz3e686k Height 284688 TxHash E8461CA68752E6A204970437C00AA29308EFF0DB8872463E9EACFF9BBE4E8EFB
Signer cosmos14469fytjzrtgqpgra3983cuvrp0e2mlz3e686k Height 284688 TxHash E8461CA68752E6A204970437C00AA29308EFF0DB8872463E9EACFF9BBE4E8EFB
Signer cosmos14469fytjzrtgqpgra3983cuvrp0e2mlz3e686k Height 284690 TxHash 8D7DB7AF4E5717627F2C5A163099998239E4194702B344C9DB304510E3200645
Signer cosmos14469fytjzrtgqpgra3983cuvrp0e2mlz3e686k Height 284690 TxHash 8D7DB7AF4E5717627F2C5A163099998239E4194702B344C9DB304510E3200645
Signer cosmos14469fytjzrtgqpgra3983cuvrp0e2mlz3e686k Height 284691 TxHash A039D64F6AEA246ADEA0B788389207785FF378F0E0D24410F984D05B7866E9D6
Signer cosmos14469fytjzrtgqpgra3983cuvrp0e2mlz3e686k Height 284691 TxHash A039D64F6AEA246ADEA0B788389207785FF378F0E0D24410F984D05B7866E9D6
