Signer cosmos14469fytjzrtgqpgra3983cuvrp0e2mlz3e686k Height 284909 TxHash 2D9429A98EE67E6B1FAFDD2272B7659108DC0FC04F6CC08D54E2B2926E7E929A
Signer cosmos14469fytjzrtgqpgra3983cuvrp0e2mlz3e686k Height 284909 TxHash 2D9429A98EE67E6B1FAFDD2272B7659108DC0FC04F6CC08D54E2B2926E7E929A
Signer cosmos14469fytjzrtgqpgra3983cuvrp0e2mlz3e686k Height 284909 TxHash 2D9429A98EE67E6B1FAFDD2272B7659108DC0FC04F6CC08D54E2B2926E7E929A
Signer cosmos14469fytjzrtgqpgra3983cuvrp0e2mlz3e686k Height 284911 TxHash 9B901FC3981ACE5CD60B59B442CA80E302B21B639B538230FA0BA1EC9742E955
Signer cosmos14469fytjzrtgqpgra3983cuvrp0e2mlz3e686k Height 284911 TxHash 9B901FC3981ACE5CD60B59B442CA80E302B21B639B538230FA0BA1EC9742E955
Signer cosmos14469fytjzrtgqpgra3983cuvrp0e2mlz3e686k Height 284911 TxHash 9B901FC3981ACE5CD60B59B442CA80E302B21B639B538230FA0BA1EC9742E955
Signer cosmos1v7726cex3q0cq5h45we46dq4pa8aezf7gyvwnh Height 284912 TxHash E84DC8FDC033DD53CD248BC8C6C1E107F64727B254B4D284A322910B07CD4DA5
Signer cosmos14469fytjzrtgqpgra3983cuvrp0e2mlz3e686k Height 284914 TxHash 718799151E665404C596DA0CAAB2BC894298A3335223C8155416BB5301838E40
Signer cosmos14469fytjzrtgqpgra3983cuvrp0e2mlz3e686k Height 284914 TxHash 718799151E665404C596DA0CAAB2BC894298A3335223C8155416BB5301838E40
Signer cosmos14469fytjzrtgqpgra3983cuvrp0e2mlz3e686k Height 284914 TxHash 718799151E665404C596DA0CAAB2BC894298A3335223C8155416BB5301838E40
Signer cosmos1l8qcr23jy4ssv2j4qvk9jg8z7fjp5l4maz8y7a Height 284915 TxHash 6B0697ADFD1590F55DB3E40C55C6BA04D335AAB2954C6A3BE420302F1F15F4F8
Signer cosmos1tdwk9hmmhsehmlcuxsc5k6zm06uce5caj9e3nn Height 284917 TxHash 4A160C5638E7BE60472BD95CBAEDED5DD7DDCEB3B101C21E1600854F5B4CCBF4
Signer cosmos14469fytjzrtgqpgra3983cuvrp0e2mlz3e686k Height 284918 TxHash E7603D4D2D6CAF0FF6CD4430C9E1DC2E0A3321C797A422FFAF065CB6D7659268
Signer cosmos14469fytjzrtgqpgra3983cuvrp0e2mlz3e686k Height 284918 TxHash E7603D4D2D6CAF0FF6CD4430C9E1DC2E0A3321C797A422FFAF065CB6D7659268
Signer cosmos14469fytjzrtgqpgra3983cuvrp0e2mlz3e686k Height 284920 TxHash E365B38D2EA9E71BB808694C06016047C23198DAB926FD8F1FA35D361C5C1F43
Signer cosmos14469fytjzrtgqpgra3983cuvrp0e2mlz3e686k Height 284920 TxHash E365B38D2EA9E71BB808694C06016047C23198DAB926FD8F1FA35D361C5C1F43
Signer cosmos14469fytjzrtgqpgra3983cuvrp0e2mlz3e686k Height 284920 TxHash E365B38D2EA9E71BB808694C06016047C23198DAB926FD8F1FA35D361C5C1F43
Signer cosmos14469fytjzrtgqpgra3983cuvrp0e2mlz3e686k Height 284922 TxHash D404601A196FC05D98E9F54CA8E00AC557F2210BBCF8B42A7A22627934DF5770
Signer cosmos14469fytjzrtgqpgra3983cuvrp0e2mlz3e686k Height 284922 TxHash D404601A196FC05D98E9F54CA8E00AC557F2210BBCF8B42A7A22627934DF5770
Signer cosmos14469fytjzrtgqpgra3983cuvrp0e2mlz3e686k Height 284924 TxHash 1AACFC5C3C73D06841F052192E71885441E221E1782E9EE087EEFD7107906188
Signer cosmos14469fytjzrtgqpgra3983cuvrp0e2mlz3e686k Height 284924 TxHash 1AACFC5C3C73D06841F052192E71885441E221E1782E9EE087EEFD7107906188
