Signer cosmos14469fytjzrtgqpgra3983cuvrp0e2mlz3e686k Height 285797 TxHash 9B87C457F63D3E033197154E12F8AE7A4C10B88B25A7E98689002C0887A6864B
Signer cosmos14469fytjzrtgqpgra3983cuvrp0e2mlz3e686k Height 285797 TxHash 9B87C457F63D3E033197154E12F8AE7A4C10B88B25A7E98689002C0887A6864B
Signer cosmos14469fytjzrtgqpgra3983cuvrp0e2mlz3e686k Height 285797 TxHash 9B87C457F63D3E033197154E12F8AE7A4C10B88B25A7E98689002C0887A6864B
Signer cosmos14469fytjzrtgqpgra3983cuvrp0e2mlz3e686k Height 285799 TxHash 38D471CCB0F41756E38994C519D9C413CB4F28BE74E1CC5AB8254220034E032E
Signer cosmos14469fytjzrtgqpgra3983cuvrp0e2mlz3e686k Height 285799 TxHash 38D471CCB0F41756E38994C519D9C413CB4F28BE74E1CC5AB8254220034E032E
Signer cosmos1rwsq4kwraq5nxq26fnhstdwnlhjmdfjz92zdmk Height 285805 TxHash 051039BD085DC13E14860C8D531C36B9A3C631B3993E6567140B7AA6A2FB0896
Signer cosmos14469fytjzrtgqpgra3983cuvrp0e2mlz3e686k Height 285806 TxHash 802B6ED3FD58D672BA3E72A5E9B0DD1A5F885893E2CA056AD8356DE7200CCBE3
Signer cosmos14469fytjzrtgqpgra3983cuvrp0e2mlz3e686k Height 285806 TxHash 802B6ED3FD58D672BA3E72A5E9B0DD1A5F885893E2CA056AD8356DE7200CCBE3
Signer cosmos14469fytjzrtgqpgra3983cuvrp0e2mlz3e686k Height 285807 TxHash 14A2B00EC367BA13C07DA73B429566F45BE2205B9C205E50973E185CB8EC07A5
Signer cosmos14469fytjzrtgqpgra3983cuvrp0e2mlz3e686k Height 285807 TxHash 14A2B00EC367BA13C07DA73B429566F45BE2205B9C205E50973E185CB8EC07A5
Signer cosmos14469fytjzrtgqpgra3983cuvrp0e2mlz3e686k Height 285807 TxHash 14A2B00EC367BA13C07DA73B429566F45BE2205B9C205E50973E185CB8EC07A5
Signer cosmos14469fytjzrtgqpgra3983cuvrp0e2mlz3e686k Height 285808 TxHash EE83CDABB41B9EBCF981C1E1C9B4AB7DCD48D0BA3F47C318FD0DBBBF3649BBBE
Signer cosmos14469fytjzrtgqpgra3983cuvrp0e2mlz3e686k Height 285808 TxHash EE83CDABB41B9EBCF981C1E1C9B4AB7DCD48D0BA3F47C318FD0DBBBF3649BBBE
Signer cosmos14469fytjzrtgqpgra3983cuvrp0e2mlz3e686k Height 285808 TxHash EE83CDABB41B9EBCF981C1E1C9B4AB7DCD48D0BA3F47C318FD0DBBBF3649BBBE
Signer cosmos1tdwk9hmmhsehmlcuxsc5k6zm06uce5caj9e3nn Height 285811 TxHash A28D9564D0AA8E09DA5ECCCAA89B9193E135CF85A246F070994BB74ADF3D0E76
Signer cosmos1l8qcr23jy4ssv2j4qvk9jg8z7fjp5l4maz8y7a Height 285814 TxHash F0AC59F50F354022DF130FBD4ACD167879A44EA77166B5FAB165C906CF6227EF
Signer cosmos14469fytjzrtgqpgra3983cuvrp0e2mlz3e686k Height 285817 TxHash FE874F8286244737C1DD1D5E51602D448C0693ADA1148371AF7275D2B859E9E2
Signer cosmos14469fytjzrtgqpgra3983cuvrp0e2mlz3e686k Height 285817 TxHash FE874F8286244737C1DD1D5E51602D448C0693ADA1148371AF7275D2B859E9E2
Signer cosmos14469fytjzrtgqpgra3983cuvrp0e2mlz3e686k Height 285819 TxHash 4B01907F8C740CBB8AB628E8444FAF19665CC4E4EEB6B9C9383E38A52C19BB92
Signer cosmos14469fytjzrtgqpgra3983cuvrp0e2mlz3e686k Height 285819 TxHash 4B01907F8C740CBB8AB628E8444FAF19665CC4E4EEB6B9C9383E38A52C19BB92
