Signer cosmos14469fytjzrtgqpgra3983cuvrp0e2mlz3e686k Height 286750 TxHash 6FC41E6134CC0773E37B186C57CD9FA272C5D14F059B364E03B55020F8AD2039
Signer cosmos14469fytjzrtgqpgra3983cuvrp0e2mlz3e686k Height 286750 TxHash 6FC41E6134CC0773E37B186C57CD9FA272C5D14F059B364E03B55020F8AD2039
Signer cosmos14469fytjzrtgqpgra3983cuvrp0e2mlz3e686k Height 286752 TxHash B04406F726610593C7F52730E6EB1902894D040F16ADAE63967585E0C8E33579
Signer cosmos14469fytjzrtgqpgra3983cuvrp0e2mlz3e686k Height 286752 TxHash B04406F726610593C7F52730E6EB1902894D040F16ADAE63967585E0C8E33579
Signer cosmos14469fytjzrtgqpgra3983cuvrp0e2mlz3e686k Height 286754 TxHash FF1ACA02CEA237FBDEF494B83EF2E83F0BFA6A3E6D62D4746B6A3E65178C67A9
Signer cosmos14469fytjzrtgqpgra3983cuvrp0e2mlz3e686k Height 286754 TxHash FF1ACA02CEA237FBDEF494B83EF2E83F0BFA6A3E6D62D4746B6A3E65178C67A9
Signer cosmos14469fytjzrtgqpgra3983cuvrp0e2mlz3e686k Height 286758 TxHash 9777FEF03246F95B597984819C0090FA767751FE79080D27A11EE00C61A53BEC
Signer cosmos14469fytjzrtgqpgra3983cuvrp0e2mlz3e686k Height 286758 TxHash 9777FEF03246F95B597984819C0090FA767751FE79080D27A11EE00C61A53BEC
Signer cosmos1tdwk9hmmhsehmlcuxsc5k6zm06uce5caj9e3nn Height 286758 TxHash 8BE3A36DB1D50FD4CA904B0B22706401B71577B5A1E062289C732A536EAAD619
Signer cosmos14469fytjzrtgqpgra3983cuvrp0e2mlz3e686k Height 286759 TxHash 161E5CCB8C2DCB1B55B1290E5743E45D04CD12421C1CCBC4A0B198A21A2C2CAB
Signer cosmos14469fytjzrtgqpgra3983cuvrp0e2mlz3e686k Height 286759 TxHash 161E5CCB8C2DCB1B55B1290E5743E45D04CD12421C1CCBC4A0B198A21A2C2CAB
Signer cosmos14469fytjzrtgqpgra3983cuvrp0e2mlz3e686k Height 286759 TxHash 161E5CCB8C2DCB1B55B1290E5743E45D04CD12421C1CCBC4A0B198A21A2C2CAB
Signer cosmos1ydxzchmmvtsfwczklj49ezz2xm6ggudq3wqv4p Height 286760 TxHash 367BBDF78D1C6680FAD17A015375E6A6864505932F8A10697662CC7257F4E70D
Signer cosmos14469fytjzrtgqpgra3983cuvrp0e2mlz3e686k Height 286761 TxHash 79119117B9DEF944D750E7C1DE9EAFA261C3EFA1781F56E62F6275E1C840976E
Signer cosmos14469fytjzrtgqpgra3983cuvrp0e2mlz3e686k Height 286761 TxHash 79119117B9DEF944D750E7C1DE9EAFA261C3EFA1781F56E62F6275E1C840976E
Signer cosmos14469fytjzrtgqpgra3983cuvrp0e2mlz3e686k Height 286761 TxHash 79119117B9DEF944D750E7C1DE9EAFA261C3EFA1781F56E62F6275E1C840976E
Signer cosmos14469fytjzrtgqpgra3983cuvrp0e2mlz3e686k Height 286761 TxHash 79119117B9DEF944D750E7C1DE9EAFA261C3EFA1781F56E62F6275E1C840976E
Signer cosmos14469fytjzrtgqpgra3983cuvrp0e2mlz3e686k Height 286761 TxHash 79119117B9DEF944D750E7C1DE9EAFA261C3EFA1781F56E62F6275E1C840976E
Signer cosmos1krrxd6pslcl4xt08y72dz8xs40j2cae38jt700 Height 286764 TxHash D268FCD187F4EEC0E200800FA5EDEAA78C4700D401FE79B9ED66EAB4A14CC1AD
Signer cosmos1f9k0728rcngqj7p2eeqk27v8dw5sw5ccydx77j Height 286765 TxHash B5F154CC7F87C4F4EB262FB62BF167CE54642B0EBAB9F38466670D938EBC3C3B
