Signer cosmos14469fytjzrtgqpgra3983cuvrp0e2mlz3e686k Height 287304 TxHash 94416B20247AD4552F2D966ABFAA731C795BF1734000590B5A7827278145F7EB
Signer cosmos14469fytjzrtgqpgra3983cuvrp0e2mlz3e686k Height 287304 TxHash 94416B20247AD4552F2D966ABFAA731C795BF1734000590B5A7827278145F7EB
Signer cosmos14469fytjzrtgqpgra3983cuvrp0e2mlz3e686k Height 287304 TxHash 94416B20247AD4552F2D966ABFAA731C795BF1734000590B5A7827278145F7EB
Signer cosmos14469fytjzrtgqpgra3983cuvrp0e2mlz3e686k Height 287306 TxHash F23E484038674BDE49099E56C5D8FB39AAA73C96165441E3F001D591A61E66B2
Signer cosmos14469fytjzrtgqpgra3983cuvrp0e2mlz3e686k Height 287306 TxHash F23E484038674BDE49099E56C5D8FB39AAA73C96165441E3F001D591A61E66B2
Signer cosmos14469fytjzrtgqpgra3983cuvrp0e2mlz3e686k Height 287306 TxHash F23E484038674BDE49099E56C5D8FB39AAA73C96165441E3F001D591A61E66B2
Signer cosmos14469fytjzrtgqpgra3983cuvrp0e2mlz3e686k Height 287308 TxHash FBA191DE262CD877CCC9642C752E671E01A17AB242F35E9FFD93D0A4AE8C2D4C
Signer cosmos14469fytjzrtgqpgra3983cuvrp0e2mlz3e686k Height 287308 TxHash FBA191DE262CD877CCC9642C752E671E01A17AB242F35E9FFD93D0A4AE8C2D4C
Signer cosmos14469fytjzrtgqpgra3983cuvrp0e2mlz3e686k Height 287310 TxHash 906290DDEABFFCD926391F090FF8D11723A2954F8170F29336699ABE26FB68ED
Signer cosmos14469fytjzrtgqpgra3983cuvrp0e2mlz3e686k Height 287310 TxHash 906290DDEABFFCD926391F090FF8D11723A2954F8170F29336699ABE26FB68ED
Signer cosmos1n04zsk3szg2ywxvaad9u7790k83nnjfqa8nt9q Height 287312 TxHash B316EEB01C3EBC6DD4699AC0A56321F4DC00B8F6B739AC02A2FF33D88A492103
Signer cosmos1fgcaew5lzk2n0plczhfgay7wcmkf90nkaut5p5 Height 287313 TxHash C596925100014F1FF7851AB3A6B7007A7D4730C2BE02D98C546A2EFB764611CD
Signer cosmos14469fytjzrtgqpgra3983cuvrp0e2mlz3e686k Height 287314 TxHash 9C04C2AB0402E8EDC0E9403B16E315DEBE0687F468C2292F4EA560F9BD27D8C7
Signer cosmos14469fytjzrtgqpgra3983cuvrp0e2mlz3e686k Height 287314 TxHash 9C04C2AB0402E8EDC0E9403B16E315DEBE0687F468C2292F4EA560F9BD27D8C7
Signer cosmos14469fytjzrtgqpgra3983cuvrp0e2mlz3e686k Height 287314 TxHash 9C04C2AB0402E8EDC0E9403B16E315DEBE0687F468C2292F4EA560F9BD27D8C7
Signer cosmos14469fytjzrtgqpgra3983cuvrp0e2mlz3e686k Height 287316 TxHash 8C8B49BBCB592B891BDB27269721422B7A17FECD10869DEF64B9E880150BD4CD
Signer cosmos14469fytjzrtgqpgra3983cuvrp0e2mlz3e686k Height 287316 TxHash 8C8B49BBCB592B891BDB27269721422B7A17FECD10869DEF64B9E880150BD4CD
Signer cosmos14469fytjzrtgqpgra3983cuvrp0e2mlz3e686k Height 287316 TxHash 8C8B49BBCB592B891BDB27269721422B7A17FECD10869DEF64B9E880150BD4CD
Signer cosmos14469fytjzrtgqpgra3983cuvrp0e2mlz3e686k Height 287320 TxHash 2BB2AD3AA172DB1572664AAC9EA6E7233ADC16366EF5471B0019C862BB9567FF
Signer cosmos14469fytjzrtgqpgra3983cuvrp0e2mlz3e686k Height 287326 TxHash 72E91A61C3EB99807CA7EE0AB1E3375F7C11900D72438087EF65D5D877A294B2
