Signer cosmos1rhvj25tutkld9p43y6w8pdfhcfzk270dc76tmn Height 336 TxHash C42919F0A99D0986CFE0827F0F65AB11648BBB99B53B77EBC614A0F3BD190553
Signer cosmos1rhvj25tutkld9p43y6w8pdfhcfzk270dc76tmn Height 336 TxHash C42919F0A99D0986CFE0827F0F65AB11648BBB99B53B77EBC614A0F3BD190553
Signer cosmos1rhvj25tutkld9p43y6w8pdfhcfzk270dc76tmn Height 336 TxHash C42919F0A99D0986CFE0827F0F65AB11648BBB99B53B77EBC614A0F3BD190553
Signer cosmos1rhvj25tutkld9p43y6w8pdfhcfzk270dc76tmn Height 336 TxHash C42919F0A99D0986CFE0827F0F65AB11648BBB99B53B77EBC614A0F3BD190553
Signer cosmos1rhvj25tutkld9p43y6w8pdfhcfzk270dc76tmn Height 336 TxHash C42919F0A99D0986CFE0827F0F65AB11648BBB99B53B77EBC614A0F3BD190553
Signer cosmos1rhvj25tutkld9p43y6w8pdfhcfzk270dc76tmn Height 336 TxHash C42919F0A99D0986CFE0827F0F65AB11648BBB99B53B77EBC614A0F3BD190553
Signer cosmos1rhvj25tutkld9p43y6w8pdfhcfzk270dc76tmn Height 336 TxHash C42919F0A99D0986CFE0827F0F65AB11648BBB99B53B77EBC614A0F3BD190553
Signer cosmos1rhvj25tutkld9p43y6w8pdfhcfzk270dc76tmn Height 336 TxHash C42919F0A99D0986CFE0827F0F65AB11648BBB99B53B77EBC614A0F3BD190553
Signer cosmos1rhvj25tutkld9p43y6w8pdfhcfzk270dc76tmn Height 336 TxHash C42919F0A99D0986CFE0827F0F65AB11648BBB99B53B77EBC614A0F3BD190553
Signer cosmos1rhvj25tutkld9p43y6w8pdfhcfzk270dc76tmn Height 336 TxHash C42919F0A99D0986CFE0827F0F65AB11648BBB99B53B77EBC614A0F3BD190553
Signer cosmos1rhvj25tutkld9p43y6w8pdfhcfzk270dc76tmn Height 336 TxHash C42919F0A99D0986CFE0827F0F65AB11648BBB99B53B77EBC614A0F3BD190553
Signer cosmos1rhvj25tutkld9p43y6w8pdfhcfzk270dc76tmn Height 336 TxHash C42919F0A99D0986CFE0827F0F65AB11648BBB99B53B77EBC614A0F3BD190553
Signer cosmos1rhvj25tutkld9p43y6w8pdfhcfzk270dc76tmn Height 336 TxHash C42919F0A99D0986CFE0827F0F65AB11648BBB99B53B77EBC614A0F3BD190553
Signer cosmos1rhvj25tutkld9p43y6w8pdfhcfzk270dc76tmn Height 336 TxHash C42919F0A99D0986CFE0827F0F65AB11648BBB99B53B77EBC614A0F3BD190553
Signer cosmos1rhvj25tutkld9p43y6w8pdfhcfzk270dc76tmn Height 345 TxHash 89814F8AB2262EA6F4A944DC1653F1166D93EADFD9AAA64C344677235C16450B
Signer cosmos1p7d8mnjttcszv34pk2a5yyug3474mhffasa7tg Height 437 TxHash D0DF566B2B112FBFB7AB3A5FF78D7001BFE906BD98C18EA7BF71E049FE0AE19D
Signer cosmos1p7d8mnjttcszv34pk2a5yyug3474mhffasa7tg Height 533 TxHash 81655441468770818A1856D0E7E3A9EA29F7F744279E353A484A7798A1702EE0
Signer cosmos1p7d8mnjttcszv34pk2a5yyug3474mhffasa7tg Height 864 TxHash 72BA99DB31716A7929A6EE7E63941CA179402CB173E47E032BEE89B0D1BCB3FB
Signer cosmos1p7d8mnjttcszv34pk2a5yyug3474mhffasa7tg Height 937 TxHash 59727B17E1B19FDC3046E772B04661A2A6B46FDE2ABF98BB75DA00E69E049B7A
Signer cosmos1p7d8mnjttcszv34pk2a5yyug3474mhffasa7tg Height 938 TxHash 169D24563A9305808F5076A533F5B427C9E72AE50EF0FD1FC22A88252652B001
Signer cosmos1p7d8mnjttcszv34pk2a5yyug3474mhffasa7tg Height 948 TxHash 959ED357AADB761B0A7CE6E40BFB87FA4997178D858110180E30D2E155EFF0B5
Signer cosmos1p7d8mnjttcszv34pk2a5yyug3474mhffasa7tg Height 982 TxHash FCE7732B2D7A32A3346DE80EDE054BC2F77B83C1C2B7BBD87C8821C433375AD8
Signer cosmos1p7d8mnjttcszv34pk2a5yyug3474mhffasa7tg Height 1102 TxHash 3967BEF0E3659A1325C9E09B7BB12D39CEAF4FA939AAD75E097AED6783B4BB37
