Signer cosmos18pgtmgndryh75y9d2ahls0yq0u3ch2k48uk7gr Height 51181 TxHash FE625CF403F91C07BE51E04015B9D00B13A5A13EF3967D382C93664884EC3D40
Signer cosmos18pgtmgndryh75y9d2ahls0yq0u3ch2k48uk7gr Height 51472 TxHash 8EF7DFC5935AC4162C18A1999301D9F6354FF37D617B511AF8878E0B1722B830
Signer cosmos18pgtmgndryh75y9d2ahls0yq0u3ch2k48uk7gr Height 51578 TxHash 7964632CA751A56681A73471DDE64A023FD0AC45E05668405DD083333C4B8D97
Signer cosmos18pgtmgndryh75y9d2ahls0yq0u3ch2k48uk7gr Height 52369 TxHash DB08B14C356D329E385F450CAC10CE79F148880388BA57854C0BE17447E26F6A
Signer cosmos18pgtmgndryh75y9d2ahls0yq0u3ch2k48uk7gr Height 52369 TxHash DB08B14C356D329E385F450CAC10CE79F148880388BA57854C0BE17447E26F6A
Signer cosmos18pgtmgndryh75y9d2ahls0yq0u3ch2k48uk7gr Height 52369 TxHash DB08B14C356D329E385F450CAC10CE79F148880388BA57854C0BE17447E26F6A
Signer cosmos18pgtmgndryh75y9d2ahls0yq0u3ch2k48uk7gr Height 52369 TxHash DB08B14C356D329E385F450CAC10CE79F148880388BA57854C0BE17447E26F6A
Signer cosmos18pgtmgndryh75y9d2ahls0yq0u3ch2k48uk7gr Height 52369 TxHash DB08B14C356D329E385F450CAC10CE79F148880388BA57854C0BE17447E26F6A
Signer cosmos18pgtmgndryh75y9d2ahls0yq0u3ch2k48uk7gr Height 52369 TxHash DB08B14C356D329E385F450CAC10CE79F148880388BA57854C0BE17447E26F6A
Signer cosmos18pgtmgndryh75y9d2ahls0yq0u3ch2k48uk7gr Height 52369 TxHash DB08B14C356D329E385F450CAC10CE79F148880388BA57854C0BE17447E26F6A
Signer cosmos18pgtmgndryh75y9d2ahls0yq0u3ch2k48uk7gr Height 52369 TxHash DB08B14C356D329E385F450CAC10CE79F148880388BA57854C0BE17447E26F6A
Signer cosmos18pgtmgndryh75y9d2ahls0yq0u3ch2k48uk7gr Height 52369 TxHash DB08B14C356D329E385F450CAC10CE79F148880388BA57854C0BE17447E26F6A
Signer cosmos18pgtmgndryh75y9d2ahls0yq0u3ch2k48uk7gr Height 52369 TxHash DB08B14C356D329E385F450CAC10CE79F148880388BA57854C0BE17447E26F6A
Signer cosmos18pgtmgndryh75y9d2ahls0yq0u3ch2k48uk7gr Height 52369 TxHash DB08B14C356D329E385F450CAC10CE79F148880388BA57854C0BE17447E26F6A
Signer cosmos18pgtmgndryh75y9d2ahls0yq0u3ch2k48uk7gr Height 52369 TxHash DB08B14C356D329E385F450CAC10CE79F148880388BA57854C0BE17447E26F6A
Signer cosmos18pgtmgndryh75y9d2ahls0yq0u3ch2k48uk7gr Height 52369 TxHash DB08B14C356D329E385F450CAC10CE79F148880388BA57854C0BE17447E26F6A
Signer cosmos18pgtmgndryh75y9d2ahls0yq0u3ch2k48uk7gr Height 52369 TxHash DB08B14C356D329E385F450CAC10CE79F148880388BA57854C0BE17447E26F6A
Signer cosmos18pgtmgndryh75y9d2ahls0yq0u3ch2k48uk7gr Height 52369 TxHash DB08B14C356D329E385F450CAC10CE79F148880388BA57854C0BE17447E26F6A
Signer cosmos18pgtmgndryh75y9d2ahls0yq0u3ch2k48uk7gr Height 52369 TxHash DB08B14C356D329E385F450CAC10CE79F148880388BA57854C0BE17447E26F6A
Signer cosmos18pgtmgndryh75y9d2ahls0yq0u3ch2k48uk7gr Height 52369 TxHash DB08B14C356D329E385F450CAC10CE79F148880388BA57854C0BE17447E26F6A
Signer cosmos18pgtmgndryh75y9d2ahls0yq0u3ch2k48uk7gr Height 52369 TxHash DB08B14C356D329E385F450CAC10CE79F148880388BA57854C0BE17447E26F6A
Signer cosmos18pgtmgndryh75y9d2ahls0yq0u3ch2k48uk7gr Height 52369 TxHash DB08B14C356D329E385F450CAC10CE79F148880388BA57854C0BE17447E26F6A
Signer cosmos18pgtmgndryh75y9d2ahls0yq0u3ch2k48uk7gr Height 52369 TxHash DB08B14C356D329E385F450CAC10CE79F148880388BA57854C0BE17447E26F6A
Signer cosmos18pgtmgndryh75y9d2ahls0yq0u3ch2k48uk7gr Height 52369 TxHash DB08B14C356D329E385F450CAC10CE79F148880388BA57854C0BE17447E26F6A
Signer cosmos18pgtmgndryh75y9d2ahls0yq0u3ch2k48uk7gr Height 52369 TxHash DB08B14C356D329E385F450CAC10CE79F148880388BA57854C0BE17447E26F6A
Signer cosmos18pgtmgndryh75y9d2ahls0yq0u3ch2k48uk7gr Height 52369 TxHash DB08B14C356D329E385F450CAC10CE79F148880388BA57854C0BE17447E26F6A
Signer cosmos18pgtmgndryh75y9d2ahls0yq0u3ch2k48uk7gr Height 52369 TxHash DB08B14C356D329E385F450CAC10CE79F148880388BA57854C0BE17447E26F6A
Signer cosmos18pgtmgndryh75y9d2ahls0yq0u3ch2k48uk7gr Height 52369 TxHash DB08B14C356D329E385F450CAC10CE79F148880388BA57854C0BE17447E26F6A
Signer cosmos18pgtmgndryh75y9d2ahls0yq0u3ch2k48uk7gr Height 52369 TxHash DB08B14C356D329E385F450CAC10CE79F148880388BA57854C0BE17447E26F6A
Signer cosmos18pgtmgndryh75y9d2ahls0yq0u3ch2k48uk7gr Height 52369 TxHash DB08B14C356D329E385F450CAC10CE79F148880388BA57854C0BE17447E26F6A
Signer cosmos18pgtmgndryh75y9d2ahls0yq0u3ch2k48uk7gr Height 52369 TxHash DB08B14C356D329E385F450CAC10CE79F148880388BA57854C0BE17447E26F6A
Signer cosmos18pgtmgndryh75y9d2ahls0yq0u3ch2k48uk7gr Height 52369 TxHash DB08B14C356D329E385F450CAC10CE79F148880388BA57854C0BE17447E26F6A
Signer cosmos18pgtmgndryh75y9d2ahls0yq0u3ch2k48uk7gr Height 52369 TxHash D14C7C33C60ACDFDDA41A6EBEF51E7D8476CE262526116DBF93DD3DB96B91F25
Signer cosmos18pgtmgndryh75y9d2ahls0yq0u3ch2k48uk7gr Height 52369 TxHash D14C7C33C60ACDFDDA41A6EBEF51E7D8476CE262526116DBF93DD3DB96B91F25
Signer cosmos18pgtmgndryh75y9d2ahls0yq0u3ch2k48uk7gr Height 52369 TxHash D14C7C33C60ACDFDDA41A6EBEF51E7D8476CE262526116DBF93DD3DB96B91F25
Signer cosmos18pgtmgndryh75y9d2ahls0yq0u3ch2k48uk7gr Height 52369 TxHash D14C7C33C60ACDFDDA41A6EBEF51E7D8476CE262526116DBF93DD3DB96B91F25
Signer cosmos18pgtmgndryh75y9d2ahls0yq0u3ch2k48uk7gr Height 52369 TxHash D14C7C33C60ACDFDDA41A6EBEF51E7D8476CE262526116DBF93DD3DB96B91F25
Signer cosmos18pgtmgndryh75y9d2ahls0yq0u3ch2k48uk7gr Height 52369 TxHash D14C7C33C60ACDFDDA41A6EBEF51E7D8476CE262526116DBF93DD3DB96B91F25
Signer cosmos18pgtmgndryh75y9d2ahls0yq0u3ch2k48uk7gr Height 52369 TxHash D14C7C33C60ACDFDDA41A6EBEF51E7D8476CE262526116DBF93DD3DB96B91F25
Signer cosmos18pgtmgndryh75y9d2ahls0yq0u3ch2k48uk7gr Height 52369 TxHash D14C7C33C60ACDFDDA41A6EBEF51E7D8476CE262526116DBF93DD3DB96B91F25
Signer cosmos18pgtmgndryh75y9d2ahls0yq0u3ch2k48uk7gr Height 52369 TxHash D14C7C33C60ACDFDDA41A6EBEF51E7D8476CE262526116DBF93DD3DB96B91F25
Signer cosmos18pgtmgndryh75y9d2ahls0yq0u3ch2k48uk7gr Height 52369 TxHash D14C7C33C60ACDFDDA41A6EBEF51E7D8476CE262526116DBF93DD3DB96B91F25
Signer cosmos18pgtmgndryh75y9d2ahls0yq0u3ch2k48uk7gr Height 52369 TxHash D14C7C33C60ACDFDDA41A6EBEF51E7D8476CE262526116DBF93DD3DB96B91F25
Signer cosmos18pgtmgndryh75y9d2ahls0yq0u3ch2k48uk7gr Height 52369 TxHash D14C7C33C60ACDFDDA41A6EBEF51E7D8476CE262526116DBF93DD3DB96B91F25
Signer cosmos18pgtmgndryh75y9d2ahls0yq0u3ch2k48uk7gr Height 52369 TxHash D14C7C33C60ACDFDDA41A6EBEF51E7D8476CE262526116DBF93DD3DB96B91F25
Signer cosmos18pgtmgndryh75y9d2ahls0yq0u3ch2k48uk7gr Height 52369 TxHash D14C7C33C60ACDFDDA41A6EBEF51E7D8476CE262526116DBF93DD3DB96B91F25
Signer cosmos18pgtmgndryh75y9d2ahls0yq0u3ch2k48uk7gr Height 52369 TxHash D14C7C33C60ACDFDDA41A6EBEF51E7D8476CE262526116DBF93DD3DB96B91F25
Signer cosmos18pgtmgndryh75y9d2ahls0yq0u3ch2k48uk7gr Height 52369 TxHash D14C7C33C60ACDFDDA41A6EBEF51E7D8476CE262526116DBF93DD3DB96B91F25
Signer cosmos18pgtmgndryh75y9d2ahls0yq0u3ch2k48uk7gr Height 52369 TxHash D14C7C33C60ACDFDDA41A6EBEF51E7D8476CE262526116DBF93DD3DB96B91F25
Signer cosmos18pgtmgndryh75y9d2ahls0yq0u3ch2k48uk7gr Height 52369 TxHash D14C7C33C60ACDFDDA41A6EBEF51E7D8476CE262526116DBF93DD3DB96B91F25
Signer cosmos18pgtmgndryh75y9d2ahls0yq0u3ch2k48uk7gr Height 52369 TxHash D14C7C33C60ACDFDDA41A6EBEF51E7D8476CE262526116DBF93DD3DB96B91F25
Signer cosmos18pgtmgndryh75y9d2ahls0yq0u3ch2k48uk7gr Height 52369 TxHash D14C7C33C60ACDFDDA41A6EBEF51E7D8476CE262526116DBF93DD3DB96B91F25
Signer cosmos18pgtmgndryh75y9d2ahls0yq0u3ch2k48uk7gr Height 52369 TxHash D14C7C33C60ACDFDDA41A6EBEF51E7D8476CE262526116DBF93DD3DB96B91F25
Signer cosmos1yvejj22t78s2vfk7slty2d7fs5lkc8rnnt3j9u Height 52370 TxHash D3C3B2A4035E03023B133578DFCE69ED111A0C8231F405D2EB2D8DCF5419773E
Signer cosmos1yvejj22t78s2vfk7slty2d7fs5lkc8rnnt3j9u Height 52371 TxHash 3F15580AF11978C058D2DA6050A0DD5A56E6D1A6514F23521B96430803BCD81E
