Signer cosmos1yvejj22t78s2vfk7slty2d7fs5lkc8rnnt3j9u Height 52372 TxHash 650B5EA55F073852610A9ABD618A3BA894A96AB2CAA0D3CF7AFA4E790D201AE9
Signer cosmos1yvejj22t78s2vfk7slty2d7fs5lkc8rnnt3j9u Height 52373 TxHash 64DA16BE38E80C4847BAF16D74E09A3533DA2F96A196D890D52B7DFF59B490C6
Signer cosmos1yvejj22t78s2vfk7slty2d7fs5lkc8rnnt3j9u Height 52374 TxHash EE2973DB7EC8E360F227F5085F77EA44EEBCC5CB14DA112ACF27EEA6991DBA68
Signer cosmos1yvejj22t78s2vfk7slty2d7fs5lkc8rnnt3j9u Height 52375 TxHash E9837C419D19FF13A1162850DBC0C182209C4F4A299F4FA7FBA5569E52AD9C0A
Signer cosmos1yvejj22t78s2vfk7slty2d7fs5lkc8rnnt3j9u Height 52376 TxHash 0D9A25CA9349E61BC60D2CEE9F7CF95FB8FB170578B3115FB3189F2A91A1D408
Signer cosmos1yvejj22t78s2vfk7slty2d7fs5lkc8rnnt3j9u Height 52377 TxHash 4BC0DC0BA57FB2423547A03AA8FBBD7B965B659231B71D3FA126BDB03DCE93D5
Signer cosmos18pgtmgndryh75y9d2ahls0yq0u3ch2k48uk7gr Height 52377 TxHash 56385147250428ED10FFFD5CE2E75D236E9F23F4A7B514BA22154F2B7F0FE7F4
Signer cosmos18pgtmgndryh75y9d2ahls0yq0u3ch2k48uk7gr Height 52377 TxHash 56385147250428ED10FFFD5CE2E75D236E9F23F4A7B514BA22154F2B7F0FE7F4
Signer cosmos18pgtmgndryh75y9d2ahls0yq0u3ch2k48uk7gr Height 52377 TxHash 56385147250428ED10FFFD5CE2E75D236E9F23F4A7B514BA22154F2B7F0FE7F4
Signer cosmos18pgtmgndryh75y9d2ahls0yq0u3ch2k48uk7gr Height 52377 TxHash 56385147250428ED10FFFD5CE2E75D236E9F23F4A7B514BA22154F2B7F0FE7F4
Signer cosmos18pgtmgndryh75y9d2ahls0yq0u3ch2k48uk7gr Height 52377 TxHash 56385147250428ED10FFFD5CE2E75D236E9F23F4A7B514BA22154F2B7F0FE7F4
Signer cosmos18pgtmgndryh75y9d2ahls0yq0u3ch2k48uk7gr Height 52377 TxHash 56385147250428ED10FFFD5CE2E75D236E9F23F4A7B514BA22154F2B7F0FE7F4
Signer cosmos18pgtmgndryh75y9d2ahls0yq0u3ch2k48uk7gr Height 52377 TxHash 56385147250428ED10FFFD5CE2E75D236E9F23F4A7B514BA22154F2B7F0FE7F4
Signer cosmos18pgtmgndryh75y9d2ahls0yq0u3ch2k48uk7gr Height 52377 TxHash 56385147250428ED10FFFD5CE2E75D236E9F23F4A7B514BA22154F2B7F0FE7F4
Signer cosmos18pgtmgndryh75y9d2ahls0yq0u3ch2k48uk7gr Height 52377 TxHash 56385147250428ED10FFFD5CE2E75D236E9F23F4A7B514BA22154F2B7F0FE7F4
Signer cosmos18pgtmgndryh75y9d2ahls0yq0u3ch2k48uk7gr Height 52377 TxHash 56385147250428ED10FFFD5CE2E75D236E9F23F4A7B514BA22154F2B7F0FE7F4
Signer cosmos18pgtmgndryh75y9d2ahls0yq0u3ch2k48uk7gr Height 52377 TxHash 56385147250428ED10FFFD5CE2E75D236E9F23F4A7B514BA22154F2B7F0FE7F4
Signer cosmos18pgtmgndryh75y9d2ahls0yq0u3ch2k48uk7gr Height 52377 TxHash 56385147250428ED10FFFD5CE2E75D236E9F23F4A7B514BA22154F2B7F0FE7F4
Signer cosmos18pgtmgndryh75y9d2ahls0yq0u3ch2k48uk7gr Height 52377 TxHash 56385147250428ED10FFFD5CE2E75D236E9F23F4A7B514BA22154F2B7F0FE7F4
Signer cosmos18pgtmgndryh75y9d2ahls0yq0u3ch2k48uk7gr Height 52377 TxHash 56385147250428ED10FFFD5CE2E75D236E9F23F4A7B514BA22154F2B7F0FE7F4
Signer cosmos18pgtmgndryh75y9d2ahls0yq0u3ch2k48uk7gr Height 52377 TxHash 56385147250428ED10FFFD5CE2E75D236E9F23F4A7B514BA22154F2B7F0FE7F4
Signer cosmos18pgtmgndryh75y9d2ahls0yq0u3ch2k48uk7gr Height 52377 TxHash 56385147250428ED10FFFD5CE2E75D236E9F23F4A7B514BA22154F2B7F0FE7F4
Signer cosmos18pgtmgndryh75y9d2ahls0yq0u3ch2k48uk7gr Height 52377 TxHash 56385147250428ED10FFFD5CE2E75D236E9F23F4A7B514BA22154F2B7F0FE7F4
Signer cosmos18pgtmgndryh75y9d2ahls0yq0u3ch2k48uk7gr Height 52377 TxHash 56385147250428ED10FFFD5CE2E75D236E9F23F4A7B514BA22154F2B7F0FE7F4
Signer cosmos18pgtmgndryh75y9d2ahls0yq0u3ch2k48uk7gr Height 52377 TxHash 56385147250428ED10FFFD5CE2E75D236E9F23F4A7B514BA22154F2B7F0FE7F4
Signer cosmos18pgtmgndryh75y9d2ahls0yq0u3ch2k48uk7gr Height 52377 TxHash 56385147250428ED10FFFD5CE2E75D236E9F23F4A7B514BA22154F2B7F0FE7F4
Signer cosmos18pgtmgndryh75y9d2ahls0yq0u3ch2k48uk7gr Height 52377 TxHash 56385147250428ED10FFFD5CE2E75D236E9F23F4A7B514BA22154F2B7F0FE7F4
Signer cosmos18pgtmgndryh75y9d2ahls0yq0u3ch2k48uk7gr Height 52377 TxHash 56385147250428ED10FFFD5CE2E75D236E9F23F4A7B514BA22154F2B7F0FE7F4
Signer cosmos18pgtmgndryh75y9d2ahls0yq0u3ch2k48uk7gr Height 52377 TxHash 56385147250428ED10FFFD5CE2E75D236E9F23F4A7B514BA22154F2B7F0FE7F4
Signer cosmos18pgtmgndryh75y9d2ahls0yq0u3ch2k48uk7gr Height 52377 TxHash 56385147250428ED10FFFD5CE2E75D236E9F23F4A7B514BA22154F2B7F0FE7F4
Signer cosmos18pgtmgndryh75y9d2ahls0yq0u3ch2k48uk7gr Height 52377 TxHash 56385147250428ED10FFFD5CE2E75D236E9F23F4A7B514BA22154F2B7F0FE7F4
Signer cosmos18pgtmgndryh75y9d2ahls0yq0u3ch2k48uk7gr Height 52377 TxHash 56385147250428ED10FFFD5CE2E75D236E9F23F4A7B514BA22154F2B7F0FE7F4
Signer cosmos18pgtmgndryh75y9d2ahls0yq0u3ch2k48uk7gr Height 52377 TxHash 56385147250428ED10FFFD5CE2E75D236E9F23F4A7B514BA22154F2B7F0FE7F4
Signer cosmos18pgtmgndryh75y9d2ahls0yq0u3ch2k48uk7gr Height 52377 TxHash 56385147250428ED10FFFD5CE2E75D236E9F23F4A7B514BA22154F2B7F0FE7F4
Signer cosmos18pgtmgndryh75y9d2ahls0yq0u3ch2k48uk7gr Height 52377 TxHash 56385147250428ED10FFFD5CE2E75D236E9F23F4A7B514BA22154F2B7F0FE7F4
Signer cosmos18pgtmgndryh75y9d2ahls0yq0u3ch2k48uk7gr Height 52377 TxHash 1B1D3EA0689BC29B6449A6801EC2B67308931E06C6A2C9E243AD321B22EDB37E
Signer cosmos18pgtmgndryh75y9d2ahls0yq0u3ch2k48uk7gr Height 52377 TxHash 1B1D3EA0689BC29B6449A6801EC2B67308931E06C6A2C9E243AD321B22EDB37E
Signer cosmos18pgtmgndryh75y9d2ahls0yq0u3ch2k48uk7gr Height 52377 TxHash 1B1D3EA0689BC29B6449A6801EC2B67308931E06C6A2C9E243AD321B22EDB37E
Signer cosmos18pgtmgndryh75y9d2ahls0yq0u3ch2k48uk7gr Height 52377 TxHash 1B1D3EA0689BC29B6449A6801EC2B67308931E06C6A2C9E243AD321B22EDB37E
Signer cosmos18pgtmgndryh75y9d2ahls0yq0u3ch2k48uk7gr Height 52377 TxHash 1B1D3EA0689BC29B6449A6801EC2B67308931E06C6A2C9E243AD321B22EDB37E
Signer cosmos18pgtmgndryh75y9d2ahls0yq0u3ch2k48uk7gr Height 52377 TxHash 1B1D3EA0689BC29B6449A6801EC2B67308931E06C6A2C9E243AD321B22EDB37E
Signer cosmos18pgtmgndryh75y9d2ahls0yq0u3ch2k48uk7gr Height 52377 TxHash 1B1D3EA0689BC29B6449A6801EC2B67308931E06C6A2C9E243AD321B22EDB37E
Signer cosmos18pgtmgndryh75y9d2ahls0yq0u3ch2k48uk7gr Height 52377 TxHash 1B1D3EA0689BC29B6449A6801EC2B67308931E06C6A2C9E243AD321B22EDB37E
Signer cosmos18pgtmgndryh75y9d2ahls0yq0u3ch2k48uk7gr Height 52377 TxHash 1B1D3EA0689BC29B6449A6801EC2B67308931E06C6A2C9E243AD321B22EDB37E
Signer cosmos18pgtmgndryh75y9d2ahls0yq0u3ch2k48uk7gr Height 52377 TxHash 1B1D3EA0689BC29B6449A6801EC2B67308931E06C6A2C9E243AD321B22EDB37E
Signer cosmos18pgtmgndryh75y9d2ahls0yq0u3ch2k48uk7gr Height 52377 TxHash 1B1D3EA0689BC29B6449A6801EC2B67308931E06C6A2C9E243AD321B22EDB37E
Signer cosmos18pgtmgndryh75y9d2ahls0yq0u3ch2k48uk7gr Height 52377 TxHash 1B1D3EA0689BC29B6449A6801EC2B67308931E06C6A2C9E243AD321B22EDB37E
Signer cosmos18pgtmgndryh75y9d2ahls0yq0u3ch2k48uk7gr Height 52377 TxHash 1B1D3EA0689BC29B6449A6801EC2B67308931E06C6A2C9E243AD321B22EDB37E
Signer cosmos18pgtmgndryh75y9d2ahls0yq0u3ch2k48uk7gr Height 52377 TxHash 1B1D3EA0689BC29B6449A6801EC2B67308931E06C6A2C9E243AD321B22EDB37E
Signer cosmos18pgtmgndryh75y9d2ahls0yq0u3ch2k48uk7gr Height 52377 TxHash 1B1D3EA0689BC29B6449A6801EC2B67308931E06C6A2C9E243AD321B22EDB37E
Signer cosmos18pgtmgndryh75y9d2ahls0yq0u3ch2k48uk7gr Height 52377 TxHash 1B1D3EA0689BC29B6449A6801EC2B67308931E06C6A2C9E243AD321B22EDB37E
Signer cosmos18pgtmgndryh75y9d2ahls0yq0u3ch2k48uk7gr Height 52377 TxHash 1B1D3EA0689BC29B6449A6801EC2B67308931E06C6A2C9E243AD321B22EDB37E
Signer cosmos18pgtmgndryh75y9d2ahls0yq0u3ch2k48uk7gr Height 52377 TxHash 1B1D3EA0689BC29B6449A6801EC2B67308931E06C6A2C9E243AD321B22EDB37E
Signer cosmos18pgtmgndryh75y9d2ahls0yq0u3ch2k48uk7gr Height 52377 TxHash 1B1D3EA0689BC29B6449A6801EC2B67308931E06C6A2C9E243AD321B22EDB37E
Signer cosmos1yvejj22t78s2vfk7slty2d7fs5lkc8rnnt3j9u Height 52378 TxHash CDF3617B1CC38F9D2E219ECDF5F1AADE308AE2A944B5889C484CF17732FEA129
Signer cosmos1yvejj22t78s2vfk7slty2d7fs5lkc8rnnt3j9u Height 52379 TxHash 45BEFF0BF9B8378544F5B53E79D45E04ECE2BE09A5ED750543131E8B6DD91143
