Signer cosmos1yvejj22t78s2vfk7slty2d7fs5lkc8rnnt3j9u Height 52380 TxHash 73EE7D64E7C7A9368604FAEBCEF9166AA13D55ED7278E32E25FF172B2D8269D2
Signer cosmos1yvejj22t78s2vfk7slty2d7fs5lkc8rnnt3j9u Height 52381 TxHash 7351A27AC0D4EDF02A3926B9AE5583C8AE7E63362E3BB57CF3266202FD278F71
Signer cosmos1yvejj22t78s2vfk7slty2d7fs5lkc8rnnt3j9u Height 52382 TxHash 05362EEBFD74F80042B683A341151F1C70D69F07541070D9C85E98AD621925F7
Signer cosmos1yvejj22t78s2vfk7slty2d7fs5lkc8rnnt3j9u Height 52383 TxHash 863297BEF3611518FC10693D04D0C7C367238881FA8E02E5FEE18080A7167CE2
Signer cosmos1yvejj22t78s2vfk7slty2d7fs5lkc8rnnt3j9u Height 52384 TxHash D35E221838C6B083C5491F323368045999738EBF7BECB817A0264E8098BD5BCD
Signer cosmos1yvejj22t78s2vfk7slty2d7fs5lkc8rnnt3j9u Height 52385 TxHash 75C65D7CD7A0974D1E6B34D92D6A61524A5942A390B17C6E99A97E73244AAA8F
Signer cosmos18pgtmgndryh75y9d2ahls0yq0u3ch2k48uk7gr Height 52385 TxHash 7D88F0F06280B8B7D2FE57BC25554E99450BE259CA5862169BA53265E5C8E75B
Signer cosmos18pgtmgndryh75y9d2ahls0yq0u3ch2k48uk7gr Height 52385 TxHash 7D88F0F06280B8B7D2FE57BC25554E99450BE259CA5862169BA53265E5C8E75B
Signer cosmos18pgtmgndryh75y9d2ahls0yq0u3ch2k48uk7gr Height 52385 TxHash 7D88F0F06280B8B7D2FE57BC25554E99450BE259CA5862169BA53265E5C8E75B
Signer cosmos18pgtmgndryh75y9d2ahls0yq0u3ch2k48uk7gr Height 52385 TxHash 7D88F0F06280B8B7D2FE57BC25554E99450BE259CA5862169BA53265E5C8E75B
Signer cosmos18pgtmgndryh75y9d2ahls0yq0u3ch2k48uk7gr Height 52385 TxHash 7D88F0F06280B8B7D2FE57BC25554E99450BE259CA5862169BA53265E5C8E75B
Signer cosmos18pgtmgndryh75y9d2ahls0yq0u3ch2k48uk7gr Height 52385 TxHash 7D88F0F06280B8B7D2FE57BC25554E99450BE259CA5862169BA53265E5C8E75B
Signer cosmos18pgtmgndryh75y9d2ahls0yq0u3ch2k48uk7gr Height 52385 TxHash 7D88F0F06280B8B7D2FE57BC25554E99450BE259CA5862169BA53265E5C8E75B
Signer cosmos18pgtmgndryh75y9d2ahls0yq0u3ch2k48uk7gr Height 52385 TxHash 7D88F0F06280B8B7D2FE57BC25554E99450BE259CA5862169BA53265E5C8E75B
Signer cosmos18pgtmgndryh75y9d2ahls0yq0u3ch2k48uk7gr Height 52385 TxHash 7D88F0F06280B8B7D2FE57BC25554E99450BE259CA5862169BA53265E5C8E75B
Signer cosmos18pgtmgndryh75y9d2ahls0yq0u3ch2k48uk7gr Height 52385 TxHash 7D88F0F06280B8B7D2FE57BC25554E99450BE259CA5862169BA53265E5C8E75B
Signer cosmos18pgtmgndryh75y9d2ahls0yq0u3ch2k48uk7gr Height 52385 TxHash 7D88F0F06280B8B7D2FE57BC25554E99450BE259CA5862169BA53265E5C8E75B
Signer cosmos18pgtmgndryh75y9d2ahls0yq0u3ch2k48uk7gr Height 52385 TxHash 7D88F0F06280B8B7D2FE57BC25554E99450BE259CA5862169BA53265E5C8E75B
Signer cosmos18pgtmgndryh75y9d2ahls0yq0u3ch2k48uk7gr Height 52385 TxHash 7D88F0F06280B8B7D2FE57BC25554E99450BE259CA5862169BA53265E5C8E75B
Signer cosmos18pgtmgndryh75y9d2ahls0yq0u3ch2k48uk7gr Height 52385 TxHash 7D88F0F06280B8B7D2FE57BC25554E99450BE259CA5862169BA53265E5C8E75B
Signer cosmos18pgtmgndryh75y9d2ahls0yq0u3ch2k48uk7gr Height 52385 TxHash 7D88F0F06280B8B7D2FE57BC25554E99450BE259CA5862169BA53265E5C8E75B
Signer cosmos18pgtmgndryh75y9d2ahls0yq0u3ch2k48uk7gr Height 52385 TxHash 7D88F0F06280B8B7D2FE57BC25554E99450BE259CA5862169BA53265E5C8E75B
Signer cosmos18pgtmgndryh75y9d2ahls0yq0u3ch2k48uk7gr Height 52385 TxHash 7D88F0F06280B8B7D2FE57BC25554E99450BE259CA5862169BA53265E5C8E75B
Signer cosmos18pgtmgndryh75y9d2ahls0yq0u3ch2k48uk7gr Height 52385 TxHash 7D88F0F06280B8B7D2FE57BC25554E99450BE259CA5862169BA53265E5C8E75B
Signer cosmos18pgtmgndryh75y9d2ahls0yq0u3ch2k48uk7gr Height 52385 TxHash 7D88F0F06280B8B7D2FE57BC25554E99450BE259CA5862169BA53265E5C8E75B
Signer cosmos18pgtmgndryh75y9d2ahls0yq0u3ch2k48uk7gr Height 52385 TxHash 7D88F0F06280B8B7D2FE57BC25554E99450BE259CA5862169BA53265E5C8E75B
Signer cosmos18pgtmgndryh75y9d2ahls0yq0u3ch2k48uk7gr Height 52385 TxHash 7D88F0F06280B8B7D2FE57BC25554E99450BE259CA5862169BA53265E5C8E75B
Signer cosmos18pgtmgndryh75y9d2ahls0yq0u3ch2k48uk7gr Height 52385 TxHash 7D88F0F06280B8B7D2FE57BC25554E99450BE259CA5862169BA53265E5C8E75B
Signer cosmos18pgtmgndryh75y9d2ahls0yq0u3ch2k48uk7gr Height 52385 TxHash 7D88F0F06280B8B7D2FE57BC25554E99450BE259CA5862169BA53265E5C8E75B
Signer cosmos18pgtmgndryh75y9d2ahls0yq0u3ch2k48uk7gr Height 52385 TxHash 7D88F0F06280B8B7D2FE57BC25554E99450BE259CA5862169BA53265E5C8E75B
Signer cosmos18pgtmgndryh75y9d2ahls0yq0u3ch2k48uk7gr Height 52385 TxHash 7D88F0F06280B8B7D2FE57BC25554E99450BE259CA5862169BA53265E5C8E75B
Signer cosmos18pgtmgndryh75y9d2ahls0yq0u3ch2k48uk7gr Height 52385 TxHash 7D88F0F06280B8B7D2FE57BC25554E99450BE259CA5862169BA53265E5C8E75B
Signer cosmos18pgtmgndryh75y9d2ahls0yq0u3ch2k48uk7gr Height 52385 TxHash 7D88F0F06280B8B7D2FE57BC25554E99450BE259CA5862169BA53265E5C8E75B
Signer cosmos18pgtmgndryh75y9d2ahls0yq0u3ch2k48uk7gr Height 52385 TxHash 7D88F0F06280B8B7D2FE57BC25554E99450BE259CA5862169BA53265E5C8E75B
Signer cosmos18pgtmgndryh75y9d2ahls0yq0u3ch2k48uk7gr Height 52385 TxHash 7D88F0F06280B8B7D2FE57BC25554E99450BE259CA5862169BA53265E5C8E75B
Signer cosmos18pgtmgndryh75y9d2ahls0yq0u3ch2k48uk7gr Height 52385 TxHash 3721A11462FAFBE15C173A1A8D90C2C49B07E5490790661DF7B125FD71D7BE2F
Signer cosmos18pgtmgndryh75y9d2ahls0yq0u3ch2k48uk7gr Height 52385 TxHash 3721A11462FAFBE15C173A1A8D90C2C49B07E5490790661DF7B125FD71D7BE2F
Signer cosmos18pgtmgndryh75y9d2ahls0yq0u3ch2k48uk7gr Height 52385 TxHash 3721A11462FAFBE15C173A1A8D90C2C49B07E5490790661DF7B125FD71D7BE2F
Signer cosmos18pgtmgndryh75y9d2ahls0yq0u3ch2k48uk7gr Height 52385 TxHash 3721A11462FAFBE15C173A1A8D90C2C49B07E5490790661DF7B125FD71D7BE2F
Signer cosmos18pgtmgndryh75y9d2ahls0yq0u3ch2k48uk7gr Height 52385 TxHash 3721A11462FAFBE15C173A1A8D90C2C49B07E5490790661DF7B125FD71D7BE2F
Signer cosmos18pgtmgndryh75y9d2ahls0yq0u3ch2k48uk7gr Height 52385 TxHash 3721A11462FAFBE15C173A1A8D90C2C49B07E5490790661DF7B125FD71D7BE2F
Signer cosmos18pgtmgndryh75y9d2ahls0yq0u3ch2k48uk7gr Height 52385 TxHash 3721A11462FAFBE15C173A1A8D90C2C49B07E5490790661DF7B125FD71D7BE2F
Signer cosmos18pgtmgndryh75y9d2ahls0yq0u3ch2k48uk7gr Height 52385 TxHash 3721A11462FAFBE15C173A1A8D90C2C49B07E5490790661DF7B125FD71D7BE2F
Signer cosmos18pgtmgndryh75y9d2ahls0yq0u3ch2k48uk7gr Height 52385 TxHash 3721A11462FAFBE15C173A1A8D90C2C49B07E5490790661DF7B125FD71D7BE2F
Signer cosmos18pgtmgndryh75y9d2ahls0yq0u3ch2k48uk7gr Height 52385 TxHash 3721A11462FAFBE15C173A1A8D90C2C49B07E5490790661DF7B125FD71D7BE2F
Signer cosmos18pgtmgndryh75y9d2ahls0yq0u3ch2k48uk7gr Height 52385 TxHash 3721A11462FAFBE15C173A1A8D90C2C49B07E5490790661DF7B125FD71D7BE2F
Signer cosmos18pgtmgndryh75y9d2ahls0yq0u3ch2k48uk7gr Height 52385 TxHash 3721A11462FAFBE15C173A1A8D90C2C49B07E5490790661DF7B125FD71D7BE2F
Signer cosmos18pgtmgndryh75y9d2ahls0yq0u3ch2k48uk7gr Height 52385 TxHash 3721A11462FAFBE15C173A1A8D90C2C49B07E5490790661DF7B125FD71D7BE2F
Signer cosmos18pgtmgndryh75y9d2ahls0yq0u3ch2k48uk7gr Height 52385 TxHash 3721A11462FAFBE15C173A1A8D90C2C49B07E5490790661DF7B125FD71D7BE2F
Signer cosmos18pgtmgndryh75y9d2ahls0yq0u3ch2k48uk7gr Height 52385 TxHash 3721A11462FAFBE15C173A1A8D90C2C49B07E5490790661DF7B125FD71D7BE2F
Signer cosmos18pgtmgndryh75y9d2ahls0yq0u3ch2k48uk7gr Height 52385 TxHash 3721A11462FAFBE15C173A1A8D90C2C49B07E5490790661DF7B125FD71D7BE2F
Signer cosmos18pgtmgndryh75y9d2ahls0yq0u3ch2k48uk7gr Height 52385 TxHash 3721A11462FAFBE15C173A1A8D90C2C49B07E5490790661DF7B125FD71D7BE2F
Signer cosmos18pgtmgndryh75y9d2ahls0yq0u3ch2k48uk7gr Height 52385 TxHash 3721A11462FAFBE15C173A1A8D90C2C49B07E5490790661DF7B125FD71D7BE2F
Signer cosmos18pgtmgndryh75y9d2ahls0yq0u3ch2k48uk7gr Height 52385 TxHash 3721A11462FAFBE15C173A1A8D90C2C49B07E5490790661DF7B125FD71D7BE2F
Signer cosmos1yvejj22t78s2vfk7slty2d7fs5lkc8rnnt3j9u Height 52386 TxHash 92F9139611E97FC7952172D1B57F9F1E7E7EA2FA8DCA394D88A83687B2ED32A0
Signer cosmos1yvejj22t78s2vfk7slty2d7fs5lkc8rnnt3j9u Height 52387 TxHash FBD6C0FD55FCCFD26746277E358D70DBEF18D5F48568885C0636899732614F67
