Signer cosmos1yvejj22t78s2vfk7slty2d7fs5lkc8rnnt3j9u Height 52388 TxHash DCFB6C0C864DF62F57745DC56DDED3B984707CCF18738E8596882DAB7D5C9749
Signer cosmos1yvejj22t78s2vfk7slty2d7fs5lkc8rnnt3j9u Height 52389 TxHash B728C955538C984E005E541D64FC508D12C7FC312105AB470ACCC4489DD82C44
Signer cosmos1yvejj22t78s2vfk7slty2d7fs5lkc8rnnt3j9u Height 52390 TxHash F941529794DF1AE6479D76001D6F13479109C094451A245D33ECDB7EF5741B7B
Signer cosmos1yvejj22t78s2vfk7slty2d7fs5lkc8rnnt3j9u Height 52391 TxHash 1FD2EF1BC61ADCD1D475B104C31143FC5171F4F1E6464C516D5AB1CA19735FCE
Signer cosmos1yvejj22t78s2vfk7slty2d7fs5lkc8rnnt3j9u Height 52392 TxHash 8ED6923BDA2EEEE88372034CD474CF8394731B5615060BCC9E1CF02EE299CC8D
Signer cosmos1yvejj22t78s2vfk7slty2d7fs5lkc8rnnt3j9u Height 52393 TxHash 7E95BC283C7A3ED89694D6CBEFBD535ABBB960BDAE649CCC5BF9E691A583AC15
Signer cosmos1yvejj22t78s2vfk7slty2d7fs5lkc8rnnt3j9u Height 52394 TxHash B62B059ED4C6558D489A350F82C3BEB3D2035B61387F6CA5420D1F3A6499579A
Signer cosmos1yvejj22t78s2vfk7slty2d7fs5lkc8rnnt3j9u Height 52395 TxHash 5AA96B57F1140CCA446386AC84EE7F9AADBE5FF27C83E03C99CAB7E3D9A28B7A
Signer cosmos1yvejj22t78s2vfk7slty2d7fs5lkc8rnnt3j9u Height 52396 TxHash 685CD2D71451E5B157663B170AC626105E7884325CCD1E1DEB5709981A6AFAB7
Signer cosmos18pgtmgndryh75y9d2ahls0yq0u3ch2k48uk7gr Height 52396 TxHash AEDCD11CB4C58ECFA24B6D0E10FF236C3850A258148EF32106E84BDF2A2667D1
Signer cosmos18pgtmgndryh75y9d2ahls0yq0u3ch2k48uk7gr Height 52396 TxHash AEDCD11CB4C58ECFA24B6D0E10FF236C3850A258148EF32106E84BDF2A2667D1
Signer cosmos18pgtmgndryh75y9d2ahls0yq0u3ch2k48uk7gr Height 52396 TxHash AEDCD11CB4C58ECFA24B6D0E10FF236C3850A258148EF32106E84BDF2A2667D1
Signer cosmos18pgtmgndryh75y9d2ahls0yq0u3ch2k48uk7gr Height 52396 TxHash AEDCD11CB4C58ECFA24B6D0E10FF236C3850A258148EF32106E84BDF2A2667D1
Signer cosmos18pgtmgndryh75y9d2ahls0yq0u3ch2k48uk7gr Height 52396 TxHash AEDCD11CB4C58ECFA24B6D0E10FF236C3850A258148EF32106E84BDF2A2667D1
Signer cosmos18pgtmgndryh75y9d2ahls0yq0u3ch2k48uk7gr Height 52396 TxHash AEDCD11CB4C58ECFA24B6D0E10FF236C3850A258148EF32106E84BDF2A2667D1
Signer cosmos18pgtmgndryh75y9d2ahls0yq0u3ch2k48uk7gr Height 52396 TxHash AEDCD11CB4C58ECFA24B6D0E10FF236C3850A258148EF32106E84BDF2A2667D1
Signer cosmos18pgtmgndryh75y9d2ahls0yq0u3ch2k48uk7gr Height 52396 TxHash AEDCD11CB4C58ECFA24B6D0E10FF236C3850A258148EF32106E84BDF2A2667D1
Signer cosmos18pgtmgndryh75y9d2ahls0yq0u3ch2k48uk7gr Height 52396 TxHash AEDCD11CB4C58ECFA24B6D0E10FF236C3850A258148EF32106E84BDF2A2667D1
Signer cosmos18pgtmgndryh75y9d2ahls0yq0u3ch2k48uk7gr Height 52396 TxHash AEDCD11CB4C58ECFA24B6D0E10FF236C3850A258148EF32106E84BDF2A2667D1
Signer cosmos18pgtmgndryh75y9d2ahls0yq0u3ch2k48uk7gr Height 52396 TxHash AEDCD11CB4C58ECFA24B6D0E10FF236C3850A258148EF32106E84BDF2A2667D1
Signer cosmos18pgtmgndryh75y9d2ahls0yq0u3ch2k48uk7gr Height 52396 TxHash AEDCD11CB4C58ECFA24B6D0E10FF236C3850A258148EF32106E84BDF2A2667D1
Signer cosmos18pgtmgndryh75y9d2ahls0yq0u3ch2k48uk7gr Height 52396 TxHash AEDCD11CB4C58ECFA24B6D0E10FF236C3850A258148EF32106E84BDF2A2667D1
Signer cosmos18pgtmgndryh75y9d2ahls0yq0u3ch2k48uk7gr Height 52396 TxHash AEDCD11CB4C58ECFA24B6D0E10FF236C3850A258148EF32106E84BDF2A2667D1
Signer cosmos18pgtmgndryh75y9d2ahls0yq0u3ch2k48uk7gr Height 52396 TxHash AEDCD11CB4C58ECFA24B6D0E10FF236C3850A258148EF32106E84BDF2A2667D1
Signer cosmos18pgtmgndryh75y9d2ahls0yq0u3ch2k48uk7gr Height 52396 TxHash AEDCD11CB4C58ECFA24B6D0E10FF236C3850A258148EF32106E84BDF2A2667D1
Signer cosmos18pgtmgndryh75y9d2ahls0yq0u3ch2k48uk7gr Height 52396 TxHash AEDCD11CB4C58ECFA24B6D0E10FF236C3850A258148EF32106E84BDF2A2667D1
Signer cosmos18pgtmgndryh75y9d2ahls0yq0u3ch2k48uk7gr Height 52396 TxHash AEDCD11CB4C58ECFA24B6D0E10FF236C3850A258148EF32106E84BDF2A2667D1
Signer cosmos18pgtmgndryh75y9d2ahls0yq0u3ch2k48uk7gr Height 52396 TxHash AEDCD11CB4C58ECFA24B6D0E10FF236C3850A258148EF32106E84BDF2A2667D1
Signer cosmos18pgtmgndryh75y9d2ahls0yq0u3ch2k48uk7gr Height 52396 TxHash AEDCD11CB4C58ECFA24B6D0E10FF236C3850A258148EF32106E84BDF2A2667D1
Signer cosmos18pgtmgndryh75y9d2ahls0yq0u3ch2k48uk7gr Height 52396 TxHash AEDCD11CB4C58ECFA24B6D0E10FF236C3850A258148EF32106E84BDF2A2667D1
Signer cosmos18pgtmgndryh75y9d2ahls0yq0u3ch2k48uk7gr Height 52396 TxHash AEDCD11CB4C58ECFA24B6D0E10FF236C3850A258148EF32106E84BDF2A2667D1
Signer cosmos18pgtmgndryh75y9d2ahls0yq0u3ch2k48uk7gr Height 52396 TxHash AEDCD11CB4C58ECFA24B6D0E10FF236C3850A258148EF32106E84BDF2A2667D1
Signer cosmos18pgtmgndryh75y9d2ahls0yq0u3ch2k48uk7gr Height 52396 TxHash AEDCD11CB4C58ECFA24B6D0E10FF236C3850A258148EF32106E84BDF2A2667D1
Signer cosmos18pgtmgndryh75y9d2ahls0yq0u3ch2k48uk7gr Height 52396 TxHash AEDCD11CB4C58ECFA24B6D0E10FF236C3850A258148EF32106E84BDF2A2667D1
Signer cosmos18pgtmgndryh75y9d2ahls0yq0u3ch2k48uk7gr Height 52396 TxHash AEDCD11CB4C58ECFA24B6D0E10FF236C3850A258148EF32106E84BDF2A2667D1
Signer cosmos18pgtmgndryh75y9d2ahls0yq0u3ch2k48uk7gr Height 52396 TxHash AEDCD11CB4C58ECFA24B6D0E10FF236C3850A258148EF32106E84BDF2A2667D1
Signer cosmos18pgtmgndryh75y9d2ahls0yq0u3ch2k48uk7gr Height 52396 TxHash AEDCD11CB4C58ECFA24B6D0E10FF236C3850A258148EF32106E84BDF2A2667D1
Signer cosmos18pgtmgndryh75y9d2ahls0yq0u3ch2k48uk7gr Height 52396 TxHash AEDCD11CB4C58ECFA24B6D0E10FF236C3850A258148EF32106E84BDF2A2667D1
