Signer cosmos18pgtmgndryh75y9d2ahls0yq0u3ch2k48uk7gr Height 52396 TxHash 1AC2609374C36DB60339572401018D4AF88311C6A0F834598F32149F23DE0196
Signer cosmos18pgtmgndryh75y9d2ahls0yq0u3ch2k48uk7gr Height 52396 TxHash 1AC2609374C36DB60339572401018D4AF88311C6A0F834598F32149F23DE0196
Signer cosmos18pgtmgndryh75y9d2ahls0yq0u3ch2k48uk7gr Height 52396 TxHash 1AC2609374C36DB60339572401018D4AF88311C6A0F834598F32149F23DE0196
Signer cosmos18pgtmgndryh75y9d2ahls0yq0u3ch2k48uk7gr Height 52396 TxHash 1AC2609374C36DB60339572401018D4AF88311C6A0F834598F32149F23DE0196
Signer cosmos18pgtmgndryh75y9d2ahls0yq0u3ch2k48uk7gr Height 52396 TxHash 1AC2609374C36DB60339572401018D4AF88311C6A0F834598F32149F23DE0196
Signer cosmos18pgtmgndryh75y9d2ahls0yq0u3ch2k48uk7gr Height 52396 TxHash 1AC2609374C36DB60339572401018D4AF88311C6A0F834598F32149F23DE0196
Signer cosmos18pgtmgndryh75y9d2ahls0yq0u3ch2k48uk7gr Height 52396 TxHash 1AC2609374C36DB60339572401018D4AF88311C6A0F834598F32149F23DE0196
Signer cosmos18pgtmgndryh75y9d2ahls0yq0u3ch2k48uk7gr Height 52396 TxHash 1AC2609374C36DB60339572401018D4AF88311C6A0F834598F32149F23DE0196
Signer cosmos18pgtmgndryh75y9d2ahls0yq0u3ch2k48uk7gr Height 52396 TxHash 1AC2609374C36DB60339572401018D4AF88311C6A0F834598F32149F23DE0196
Signer cosmos18pgtmgndryh75y9d2ahls0yq0u3ch2k48uk7gr Height 52396 TxHash 1AC2609374C36DB60339572401018D4AF88311C6A0F834598F32149F23DE0196
Signer cosmos18pgtmgndryh75y9d2ahls0yq0u3ch2k48uk7gr Height 52396 TxHash 1AC2609374C36DB60339572401018D4AF88311C6A0F834598F32149F23DE0196
Signer cosmos18pgtmgndryh75y9d2ahls0yq0u3ch2k48uk7gr Height 52396 TxHash 1AC2609374C36DB60339572401018D4AF88311C6A0F834598F32149F23DE0196
Signer cosmos18pgtmgndryh75y9d2ahls0yq0u3ch2k48uk7gr Height 52396 TxHash 1AC2609374C36DB60339572401018D4AF88311C6A0F834598F32149F23DE0196
Signer cosmos18pgtmgndryh75y9d2ahls0yq0u3ch2k48uk7gr Height 52396 TxHash 1AC2609374C36DB60339572401018D4AF88311C6A0F834598F32149F23DE0196
Signer cosmos18pgtmgndryh75y9d2ahls0yq0u3ch2k48uk7gr Height 52396 TxHash 1AC2609374C36DB60339572401018D4AF88311C6A0F834598F32149F23DE0196
Signer cosmos18pgtmgndryh75y9d2ahls0yq0u3ch2k48uk7gr Height 52396 TxHash 1AC2609374C36DB60339572401018D4AF88311C6A0F834598F32149F23DE0196
Signer cosmos18pgtmgndryh75y9d2ahls0yq0u3ch2k48uk7gr Height 52396 TxHash 1AC2609374C36DB60339572401018D4AF88311C6A0F834598F32149F23DE0196
Signer cosmos18pgtmgndryh75y9d2ahls0yq0u3ch2k48uk7gr Height 52396 TxHash 1AC2609374C36DB60339572401018D4AF88311C6A0F834598F32149F23DE0196
Signer cosmos18pgtmgndryh75y9d2ahls0yq0u3ch2k48uk7gr Height 52396 TxHash 1AC2609374C36DB60339572401018D4AF88311C6A0F834598F32149F23DE0196
Signer cosmos1yvejj22t78s2vfk7slty2d7fs5lkc8rnnt3j9u Height 52397 TxHash ECC8E4FA91E8F42D3D6B93CF339D7839B1C03FFB69FE49D7EFBC955990904BE5
Signer cosmos1yvejj22t78s2vfk7slty2d7fs5lkc8rnnt3j9u Height 52398 TxHash B608A361CCF186DFE1FDE5CFC79EB4984EC9895838D9C5E8B856B4770D00765A
Signer cosmos1yvejj22t78s2vfk7slty2d7fs5lkc8rnnt3j9u Height 52399 TxHash A5DEBE8639D71DD2AD38255CB081979B61B4921571FE6D3E9D89B0E1E3705193
Signer cosmos18pgtmgndryh75y9d2ahls0yq0u3ch2k48uk7gr Height 52488 TxHash 3D0CE9A127D954705D3C63036249CCBF69FBA0F7595E8501DD32C14361E62FE4
Signer cosmos18pgtmgndryh75y9d2ahls0yq0u3ch2k48uk7gr Height 52488 TxHash 3D0CE9A127D954705D3C63036249CCBF69FBA0F7595E8501DD32C14361E62FE4
Signer cosmos18pgtmgndryh75y9d2ahls0yq0u3ch2k48uk7gr Height 52488 TxHash 3D0CE9A127D954705D3C63036249CCBF69FBA0F7595E8501DD32C14361E62FE4
Signer cosmos18pgtmgndryh75y9d2ahls0yq0u3ch2k48uk7gr Height 52488 TxHash 3D0CE9A127D954705D3C63036249CCBF69FBA0F7595E8501DD32C14361E62FE4
Signer cosmos18pgtmgndryh75y9d2ahls0yq0u3ch2k48uk7gr Height 52488 TxHash 3D0CE9A127D954705D3C63036249CCBF69FBA0F7595E8501DD32C14361E62FE4
Signer cosmos18pgtmgndryh75y9d2ahls0yq0u3ch2k48uk7gr Height 52488 TxHash 3D0CE9A127D954705D3C63036249CCBF69FBA0F7595E8501DD32C14361E62FE4
Signer cosmos18pgtmgndryh75y9d2ahls0yq0u3ch2k48uk7gr Height 52488 TxHash 3D0CE9A127D954705D3C63036249CCBF69FBA0F7595E8501DD32C14361E62FE4
Signer cosmos18pgtmgndryh75y9d2ahls0yq0u3ch2k48uk7gr Height 52488 TxHash 3D0CE9A127D954705D3C63036249CCBF69FBA0F7595E8501DD32C14361E62FE4
Signer cosmos18pgtmgndryh75y9d2ahls0yq0u3ch2k48uk7gr Height 52488 TxHash 3D0CE9A127D954705D3C63036249CCBF69FBA0F7595E8501DD32C14361E62FE4
Signer cosmos18pgtmgndryh75y9d2ahls0yq0u3ch2k48uk7gr Height 52488 TxHash 3D0CE9A127D954705D3C63036249CCBF69FBA0F7595E8501DD32C14361E62FE4
Signer cosmos18pgtmgndryh75y9d2ahls0yq0u3ch2k48uk7gr Height 52488 TxHash 3D0CE9A127D954705D3C63036249CCBF69FBA0F7595E8501DD32C14361E62FE4
Signer cosmos18pgtmgndryh75y9d2ahls0yq0u3ch2k48uk7gr Height 52488 TxHash 3D0CE9A127D954705D3C63036249CCBF69FBA0F7595E8501DD32C14361E62FE4
Signer cosmos18pgtmgndryh75y9d2ahls0yq0u3ch2k48uk7gr Height 52488 TxHash 3D0CE9A127D954705D3C63036249CCBF69FBA0F7595E8501DD32C14361E62FE4
Signer cosmos18pgtmgndryh75y9d2ahls0yq0u3ch2k48uk7gr Height 52488 TxHash 3D0CE9A127D954705D3C63036249CCBF69FBA0F7595E8501DD32C14361E62FE4
Signer cosmos18pgtmgndryh75y9d2ahls0yq0u3ch2k48uk7gr Height 52488 TxHash 3D0CE9A127D954705D3C63036249CCBF69FBA0F7595E8501DD32C14361E62FE4
Signer cosmos18pgtmgndryh75y9d2ahls0yq0u3ch2k48uk7gr Height 52488 TxHash 3D0CE9A127D954705D3C63036249CCBF69FBA0F7595E8501DD32C14361E62FE4
Signer cosmos18pgtmgndryh75y9d2ahls0yq0u3ch2k48uk7gr Height 52488 TxHash 3D0CE9A127D954705D3C63036249CCBF69FBA0F7595E8501DD32C14361E62FE4
Signer cosmos18pgtmgndryh75y9d2ahls0yq0u3ch2k48uk7gr Height 52488 TxHash 3D0CE9A127D954705D3C63036249CCBF69FBA0F7595E8501DD32C14361E62FE4
Signer cosmos18pgtmgndryh75y9d2ahls0yq0u3ch2k48uk7gr Height 52488 TxHash 3D0CE9A127D954705D3C63036249CCBF69FBA0F7595E8501DD32C14361E62FE4
Signer cosmos18pgtmgndryh75y9d2ahls0yq0u3ch2k48uk7gr Height 52488 TxHash 3D0CE9A127D954705D3C63036249CCBF69FBA0F7595E8501DD32C14361E62FE4
Signer cosmos18pgtmgndryh75y9d2ahls0yq0u3ch2k48uk7gr Height 52488 TxHash 3D0CE9A127D954705D3C63036249CCBF69FBA0F7595E8501DD32C14361E62FE4
Signer cosmos18pgtmgndryh75y9d2ahls0yq0u3ch2k48uk7gr Height 52488 TxHash 3D0CE9A127D954705D3C63036249CCBF69FBA0F7595E8501DD32C14361E62FE4
Signer cosmos18pgtmgndryh75y9d2ahls0yq0u3ch2k48uk7gr Height 52488 TxHash 3D0CE9A127D954705D3C63036249CCBF69FBA0F7595E8501DD32C14361E62FE4
Signer cosmos18pgtmgndryh75y9d2ahls0yq0u3ch2k48uk7gr Height 52488 TxHash 3D0CE9A127D954705D3C63036249CCBF69FBA0F7595E8501DD32C14361E62FE4
Signer cosmos18pgtmgndryh75y9d2ahls0yq0u3ch2k48uk7gr Height 52488 TxHash 3D0CE9A127D954705D3C63036249CCBF69FBA0F7595E8501DD32C14361E62FE4
Signer cosmos18pgtmgndryh75y9d2ahls0yq0u3ch2k48uk7gr Height 52488 TxHash 3D0CE9A127D954705D3C63036249CCBF69FBA0F7595E8501DD32C14361E62FE4
Signer cosmos18pgtmgndryh75y9d2ahls0yq0u3ch2k48uk7gr Height 52488 TxHash 3D0CE9A127D954705D3C63036249CCBF69FBA0F7595E8501DD32C14361E62FE4
Signer cosmos18pgtmgndryh75y9d2ahls0yq0u3ch2k48uk7gr Height 52488 TxHash 3D0CE9A127D954705D3C63036249CCBF69FBA0F7595E8501DD32C14361E62FE4
Signer cosmos18pgtmgndryh75y9d2ahls0yq0u3ch2k48uk7gr Height 52488 TxHash 3D0CE9A127D954705D3C63036249CCBF69FBA0F7595E8501DD32C14361E62FE4
Signer cosmos18pgtmgndryh75y9d2ahls0yq0u3ch2k48uk7gr Height 52488 TxHash FB77A117BB76EA51F04A579A45BF009B4314A6FE406A785D271137B4F3A6CDAF
Signer cosmos18pgtmgndryh75y9d2ahls0yq0u3ch2k48uk7gr Height 52488 TxHash FB77A117BB76EA51F04A579A45BF009B4314A6FE406A785D271137B4F3A6CDAF
Signer cosmos18pgtmgndryh75y9d2ahls0yq0u3ch2k48uk7gr Height 52488 TxHash FB77A117BB76EA51F04A579A45BF009B4314A6FE406A785D271137B4F3A6CDAF
Signer cosmos18pgtmgndryh75y9d2ahls0yq0u3ch2k48uk7gr Height 52488 TxHash FB77A117BB76EA51F04A579A45BF009B4314A6FE406A785D271137B4F3A6CDAF
Signer cosmos18pgtmgndryh75y9d2ahls0yq0u3ch2k48uk7gr Height 52488 TxHash FB77A117BB76EA51F04A579A45BF009B4314A6FE406A785D271137B4F3A6CDAF
Signer cosmos18pgtmgndryh75y9d2ahls0yq0u3ch2k48uk7gr Height 52488 TxHash FB77A117BB76EA51F04A579A45BF009B4314A6FE406A785D271137B4F3A6CDAF
Signer cosmos18pgtmgndryh75y9d2ahls0yq0u3ch2k48uk7gr Height 52488 TxHash FB77A117BB76EA51F04A579A45BF009B4314A6FE406A785D271137B4F3A6CDAF
Signer cosmos18pgtmgndryh75y9d2ahls0yq0u3ch2k48uk7gr Height 52488 TxHash FB77A117BB76EA51F04A579A45BF009B4314A6FE406A785D271137B4F3A6CDAF
Signer cosmos18pgtmgndryh75y9d2ahls0yq0u3ch2k48uk7gr Height 52488 TxHash FB77A117BB76EA51F04A579A45BF009B4314A6FE406A785D271137B4F3A6CDAF
Signer cosmos18pgtmgndryh75y9d2ahls0yq0u3ch2k48uk7gr Height 52488 TxHash FB77A117BB76EA51F04A579A45BF009B4314A6FE406A785D271137B4F3A6CDAF
Signer cosmos18pgtmgndryh75y9d2ahls0yq0u3ch2k48uk7gr Height 52488 TxHash FB77A117BB76EA51F04A579A45BF009B4314A6FE406A785D271137B4F3A6CDAF
Signer cosmos18pgtmgndryh75y9d2ahls0yq0u3ch2k48uk7gr Height 52488 TxHash FB77A117BB76EA51F04A579A45BF009B4314A6FE406A785D271137B4F3A6CDAF
Signer cosmos18pgtmgndryh75y9d2ahls0yq0u3ch2k48uk7gr Height 52488 TxHash FB77A117BB76EA51F04A579A45BF009B4314A6FE406A785D271137B4F3A6CDAF
Signer cosmos18pgtmgndryh75y9d2ahls0yq0u3ch2k48uk7gr Height 52488 TxHash FB77A117BB76EA51F04A579A45BF009B4314A6FE406A785D271137B4F3A6CDAF
Signer cosmos18pgtmgndryh75y9d2ahls0yq0u3ch2k48uk7gr Height 52488 TxHash FB77A117BB76EA51F04A579A45BF009B4314A6FE406A785D271137B4F3A6CDAF
Signer cosmos18pgtmgndryh75y9d2ahls0yq0u3ch2k48uk7gr Height 52488 TxHash FB77A117BB76EA51F04A579A45BF009B4314A6FE406A785D271137B4F3A6CDAF
Signer cosmos18pgtmgndryh75y9d2ahls0yq0u3ch2k48uk7gr Height 52488 TxHash FB77A117BB76EA51F04A579A45BF009B4314A6FE406A785D271137B4F3A6CDAF
Signer cosmos18pgtmgndryh75y9d2ahls0yq0u3ch2k48uk7gr Height 52488 TxHash FB77A117BB76EA51F04A579A45BF009B4314A6FE406A785D271137B4F3A6CDAF
Signer cosmos18pgtmgndryh75y9d2ahls0yq0u3ch2k48uk7gr Height 52488 TxHash FB77A117BB76EA51F04A579A45BF009B4314A6FE406A785D271137B4F3A6CDAF
Signer cosmos18pgtmgndryh75y9d2ahls0yq0u3ch2k48uk7gr Height 52488 TxHash FB77A117BB76EA51F04A579A45BF009B4314A6FE406A785D271137B4F3A6CDAF
Signer cosmos18pgtmgndryh75y9d2ahls0yq0u3ch2k48uk7gr Height 52488 TxHash FB77A117BB76EA51F04A579A45BF009B4314A6FE406A785D271137B4F3A6CDAF
Signer cosmos18pgtmgndryh75y9d2ahls0yq0u3ch2k48uk7gr Height 52495 TxHash A09241E47BDA47CDEED314C6419A79D6966AFBF155757119867877F5B95A7E36
Signer cosmos18pgtmgndryh75y9d2ahls0yq0u3ch2k48uk7gr Height 52495 TxHash A09241E47BDA47CDEED314C6419A79D6966AFBF155757119867877F5B95A7E36
Signer cosmos18pgtmgndryh75y9d2ahls0yq0u3ch2k48uk7gr Height 52495 TxHash A09241E47BDA47CDEED314C6419A79D6966AFBF155757119867877F5B95A7E36
Signer cosmos18pgtmgndryh75y9d2ahls0yq0u3ch2k48uk7gr Height 52495 TxHash A09241E47BDA47CDEED314C6419A79D6966AFBF155757119867877F5B95A7E36
Signer cosmos18pgtmgndryh75y9d2ahls0yq0u3ch2k48uk7gr Height 52495 TxHash A09241E47BDA47CDEED314C6419A79D6966AFBF155757119867877F5B95A7E36
Signer cosmos18pgtmgndryh75y9d2ahls0yq0u3ch2k48uk7gr Height 52495 TxHash A09241E47BDA47CDEED314C6419A79D6966AFBF155757119867877F5B95A7E36
Signer cosmos18pgtmgndryh75y9d2ahls0yq0u3ch2k48uk7gr Height 52495 TxHash A09241E47BDA47CDEED314C6419A79D6966AFBF155757119867877F5B95A7E36
Signer cosmos18pgtmgndryh75y9d2ahls0yq0u3ch2k48uk7gr Height 52495 TxHash A09241E47BDA47CDEED314C6419A79D6966AFBF155757119867877F5B95A7E36
Signer cosmos18pgtmgndryh75y9d2ahls0yq0u3ch2k48uk7gr Height 52495 TxHash A09241E47BDA47CDEED314C6419A79D6966AFBF155757119867877F5B95A7E36
Signer cosmos18pgtmgndryh75y9d2ahls0yq0u3ch2k48uk7gr Height 52495 TxHash A09241E47BDA47CDEED314C6419A79D6966AFBF155757119867877F5B95A7E36
Signer cosmos18pgtmgndryh75y9d2ahls0yq0u3ch2k48uk7gr Height 52495 TxHash A09241E47BDA47CDEED314C6419A79D6966AFBF155757119867877F5B95A7E36
Signer cosmos18pgtmgndryh75y9d2ahls0yq0u3ch2k48uk7gr Height 52495 TxHash A09241E47BDA47CDEED314C6419A79D6966AFBF155757119867877F5B95A7E36
Signer cosmos18pgtmgndryh75y9d2ahls0yq0u3ch2k48uk7gr Height 52495 TxHash A09241E47BDA47CDEED314C6419A79D6966AFBF155757119867877F5B95A7E36
Signer cosmos18pgtmgndryh75y9d2ahls0yq0u3ch2k48uk7gr Height 52495 TxHash A09241E47BDA47CDEED314C6419A79D6966AFBF155757119867877F5B95A7E36
Signer cosmos18pgtmgndryh75y9d2ahls0yq0u3ch2k48uk7gr Height 52495 TxHash A09241E47BDA47CDEED314C6419A79D6966AFBF155757119867877F5B95A7E36
Signer cosmos18pgtmgndryh75y9d2ahls0yq0u3ch2k48uk7gr Height 52495 TxHash A09241E47BDA47CDEED314C6419A79D6966AFBF155757119867877F5B95A7E36
Signer cosmos18pgtmgndryh75y9d2ahls0yq0u3ch2k48uk7gr Height 52495 TxHash A09241E47BDA47CDEED314C6419A79D6966AFBF155757119867877F5B95A7E36
Signer cosmos18pgtmgndryh75y9d2ahls0yq0u3ch2k48uk7gr Height 52495 TxHash A09241E47BDA47CDEED314C6419A79D6966AFBF155757119867877F5B95A7E36
Signer cosmos18pgtmgndryh75y9d2ahls0yq0u3ch2k48uk7gr Height 52495 TxHash A09241E47BDA47CDEED314C6419A79D6966AFBF155757119867877F5B95A7E36
Signer cosmos18pgtmgndryh75y9d2ahls0yq0u3ch2k48uk7gr Height 52495 TxHash A09241E47BDA47CDEED314C6419A79D6966AFBF155757119867877F5B95A7E36
Signer cosmos18pgtmgndryh75y9d2ahls0yq0u3ch2k48uk7gr Height 52495 TxHash A09241E47BDA47CDEED314C6419A79D6966AFBF155757119867877F5B95A7E36
Signer cosmos18pgtmgndryh75y9d2ahls0yq0u3ch2k48uk7gr Height 52495 TxHash A09241E47BDA47CDEED314C6419A79D6966AFBF155757119867877F5B95A7E36
Signer cosmos18pgtmgndryh75y9d2ahls0yq0u3ch2k48uk7gr Height 52495 TxHash A09241E47BDA47CDEED314C6419A79D6966AFBF155757119867877F5B95A7E36
Signer cosmos18pgtmgndryh75y9d2ahls0yq0u3ch2k48uk7gr Height 52495 TxHash A09241E47BDA47CDEED314C6419A79D6966AFBF155757119867877F5B95A7E36
Signer cosmos18pgtmgndryh75y9d2ahls0yq0u3ch2k48uk7gr Height 52495 TxHash A09241E47BDA47CDEED314C6419A79D6966AFBF155757119867877F5B95A7E36
Signer cosmos18pgtmgndryh75y9d2ahls0yq0u3ch2k48uk7gr Height 52495 TxHash A09241E47BDA47CDEED314C6419A79D6966AFBF155757119867877F5B95A7E36
Signer cosmos18pgtmgndryh75y9d2ahls0yq0u3ch2k48uk7gr Height 52495 TxHash A09241E47BDA47CDEED314C6419A79D6966AFBF155757119867877F5B95A7E36
Signer cosmos18pgtmgndryh75y9d2ahls0yq0u3ch2k48uk7gr Height 52495 TxHash A09241E47BDA47CDEED314C6419A79D6966AFBF155757119867877F5B95A7E36
Signer cosmos18pgtmgndryh75y9d2ahls0yq0u3ch2k48uk7gr Height 52495 TxHash A09241E47BDA47CDEED314C6419A79D6966AFBF155757119867877F5B95A7E36
Signer cosmos18pgtmgndryh75y9d2ahls0yq0u3ch2k48uk7gr Height 52495 TxHash 5901EFD9CBA6FDB5C95771FF0868AA9BA0F9983E5AE01A8A786D7E08A0778649
Signer cosmos18pgtmgndryh75y9d2ahls0yq0u3ch2k48uk7gr Height 52495 TxHash 5901EFD9CBA6FDB5C95771FF0868AA9BA0F9983E5AE01A8A786D7E08A0778649
Signer cosmos18pgtmgndryh75y9d2ahls0yq0u3ch2k48uk7gr Height 52495 TxHash 5901EFD9CBA6FDB5C95771FF0868AA9BA0F9983E5AE01A8A786D7E08A0778649
Signer cosmos18pgtmgndryh75y9d2ahls0yq0u3ch2k48uk7gr Height 52495 TxHash 5901EFD9CBA6FDB5C95771FF0868AA9BA0F9983E5AE01A8A786D7E08A0778649
Signer cosmos18pgtmgndryh75y9d2ahls0yq0u3ch2k48uk7gr Height 52495 TxHash 5901EFD9CBA6FDB5C95771FF0868AA9BA0F9983E5AE01A8A786D7E08A0778649
Signer cosmos18pgtmgndryh75y9d2ahls0yq0u3ch2k48uk7gr Height 52495 TxHash 5901EFD9CBA6FDB5C95771FF0868AA9BA0F9983E5AE01A8A786D7E08A0778649
Signer cosmos18pgtmgndryh75y9d2ahls0yq0u3ch2k48uk7gr Height 52495 TxHash 5901EFD9CBA6FDB5C95771FF0868AA9BA0F9983E5AE01A8A786D7E08A0778649
Signer cosmos18pgtmgndryh75y9d2ahls0yq0u3ch2k48uk7gr Height 52495 TxHash 5901EFD9CBA6FDB5C95771FF0868AA9BA0F9983E5AE01A8A786D7E08A0778649
Signer cosmos18pgtmgndryh75y9d2ahls0yq0u3ch2k48uk7gr Height 52495 TxHash 5901EFD9CBA6FDB5C95771FF0868AA9BA0F9983E5AE01A8A786D7E08A0778649
Signer cosmos18pgtmgndryh75y9d2ahls0yq0u3ch2k48uk7gr Height 52495 TxHash 5901EFD9CBA6FDB5C95771FF0868AA9BA0F9983E5AE01A8A786D7E08A0778649
Signer cosmos18pgtmgndryh75y9d2ahls0yq0u3ch2k48uk7gr Height 52495 TxHash 5901EFD9CBA6FDB5C95771FF0868AA9BA0F9983E5AE01A8A786D7E08A0778649
Signer cosmos18pgtmgndryh75y9d2ahls0yq0u3ch2k48uk7gr Height 52495 TxHash 5901EFD9CBA6FDB5C95771FF0868AA9BA0F9983E5AE01A8A786D7E08A0778649
Signer cosmos18pgtmgndryh75y9d2ahls0yq0u3ch2k48uk7gr Height 52495 TxHash 5901EFD9CBA6FDB5C95771FF0868AA9BA0F9983E5AE01A8A786D7E08A0778649
Signer cosmos18pgtmgndryh75y9d2ahls0yq0u3ch2k48uk7gr Height 52495 TxHash 5901EFD9CBA6FDB5C95771FF0868AA9BA0F9983E5AE01A8A786D7E08A0778649
Signer cosmos18pgtmgndryh75y9d2ahls0yq0u3ch2k48uk7gr Height 52618 TxHash 27FEAF8C34A330A1666E781DD7FB6E1E2CDAD3514EA7E20D2F9B70B0F7A2B539
Signer cosmos18pgtmgndryh75y9d2ahls0yq0u3ch2k48uk7gr Height 52618 TxHash 27FEAF8C34A330A1666E781DD7FB6E1E2CDAD3514EA7E20D2F9B70B0F7A2B539
Signer cosmos18pgtmgndryh75y9d2ahls0yq0u3ch2k48uk7gr Height 52618 TxHash 27FEAF8C34A330A1666E781DD7FB6E1E2CDAD3514EA7E20D2F9B70B0F7A2B539
Signer cosmos18pgtmgndryh75y9d2ahls0yq0u3ch2k48uk7gr Height 52618 TxHash 27FEAF8C34A330A1666E781DD7FB6E1E2CDAD3514EA7E20D2F9B70B0F7A2B539
Signer cosmos15md2qvgma8lnvqv67w0umu2paqkqkhege2evgl Height 52625 TxHash 1E67559D2174C22F2BF1E0B2A5C3DBB2336C790CDA75BE7503B810D2E8F315FA
