Signer                                        Times
cosmos12z6zvc53yx2794lqkr7alhwtml3xzc6n294j75 1
cosmos1cnvqk4p4zrc6p8hhts2wmssrhzfwykvvd0v6qr 1
cosmos1j6d87t7ynqtq6us45nyqzjkvem2zz902vqajxy 9
cosmos1ra2l6ftxenajvzx0asa3d3e8w7a9sxrjw0jyq7 9
cosmos1rhvj25tutkld9p43y6w8pdfhcfzk270dc76tmn 25
cosmos1vqsxcvgvd7nex8ex06enm6vuyrkjkuwg9clh3w 25
cosmos1uytq4m0yugh5ft5q567y9s798h3m06zwu8nl7p 27
cosmos14m4qf4zwvhhfvwmzgkth9ympnqx5wsx5ppsayw 30
cosmos1sw2cuffwlzndfs57czj29ttxrxtsgz9w2th2tu 41
cosmos1ctprl2u2pgcdlc07r9wzkx3jj036v2lh56ykvf 45
cosmos1qlmk6r5w5taqrky4ycur4zq6jqxmuzr6znr7dj 46
cosmos12mjplz0nuv0lnlc3zxu3nhhlecv55t2vltuggl 58
cosmos1mxves3jchrjertqjlrgypzlfwrd4v626nd4n37 72
cosmos1p2q4d3qpfdt4j3h45gd4grq0zj5e92zmgjhnwa 80
cosmos1jhnap89pyxmm3uuzg9hvph3rk8am5cp6ad4meh 90
cosmos1f9k0728rcngqj7p2eeqk27v8dw5sw5ccydx77j 114
cosmos192x4y32940sc2ekavaufha4ywh0qtr9xw4hewx 159
cosmos1375lry8y8g6lpf8k9en09fgdwwv987ytrlfvgt 161
cosmos1w2f2lyz0nkth5j0zqhspryeguapgmas9gefjcm 183
cosmos1auqwystavvfyslllf3tp56ekj0ad4vsfpnxf8x 191
cosmos1p7d8mnjttcszv34pk2a5yyug3474mhffasa7tg 244
cosmos15md2qvgma8lnvqv67w0umu2paqkqkhege2evgl 270
cosmos16c4jzlqd59kssz2rycfjt7q8xp2nsfzphdfsn4 295
cosmos1krrxd6pslcl4xt08y72dz8xs40j2cae38jt700 301
cosmos14476h4xtmxqre0rpelcv5fqmtvnfda7p4fppnq 401
cosmos1r08ddpyv58e0r94r5u3wtvhf3qmtmvzagkyy22 445
cosmos1sh6lgdhwmg0rr03te2lsyu88n0mlmryvcru7rf 453
cosmos1rwsq4kwraq5nxq26fnhstdwnlhjmdfjz92zdmk 557
cosmos1hdnp2r03cmxemq5qjyn6gnzq423uxzvmkn4h9t 757
cosmos1zle48pm0knwpdevl2fl2ay2pk3dq5c07r9fk73 1018
cosmos1v7726cex3q0cq5h45we46dq4pa8aezf7gyvwnh 1508
cosmos1x3ds46zredsuqh6nlcp8pxy62apt0zl2aa2x7c 2007
