Signer                                        Times
cosmos1k37hwefcswtupsajm8hfa0ffr969r34nk08dke 1
cosmos1uytq4m0yugh5ft5q567y9s798h3m06zwu8nl7p 1
cosmos1z4tqlvhyv408n9uvps3046funrswwesmrasqpm 1
cosmos1p636k9teec6ypctq3sg856ruyeaqg2vsq4nspg 2
cosmos1rh4nfc7653szzpntx3kemm6yt9eavt7ru8yugj 2
cosmos17fnep9zp3qe9rn6t7nn69rhresk8u7ts089hay 3
cosmos12mjplz0nuv0lnlc3zxu3nhhlecv55t2vltuggl 4
cosmos1ctprl2u2pgcdlc07r9wzkx3jj036v2lh56ykvf 6
cosmos1h4qq3hwcmr3lpx7yj76s0u7nz48zmgc85m0nsd 8
cosmos1sw2cuffwlzndfs57czj29ttxrxtsgz9w2th2tu 10
cosmos1c3sgn6xg8lr48ah8kds40xvru5f8j0vs0ewryg 12
cosmos1fegapd4jc3ejqeg0eu3jk4hvr74hg66076gyyd 12
cosmos1ra2l6ftxenajvzx0asa3d3e8w7a9sxrjw0jyq7 12
cosmos1dftsfeuhm4y5tz03250fw42vyjmtqnvvk377qs 16
cosmos12knlrwx7hu0nwn9a56rv9ad49aepfpjnuvxfmn 17
cosmos15avrz9sx0grrvy0jgjyv53rgv984kfyfn6v3yk 17
cosmos137tync4z4q6hg8k0tzu2zw5p79nryyq83g2tyu 18
cosmos1krrxd6pslcl4xt08y72dz8xs40j2cae38jt700 18
cosmos1l08k2a7r9v2h8utkhzncrx4x89cuk7qewjd4x2 18
cosmos1f9k0728rcngqj7p2eeqk27v8dw5sw5ccydx77j 19
cosmos1r7uyvp8gsyrp60x5a6tjxnf6e9pdg9jqzglr3f 19
cosmos1fgcaew5lzk2n0plczhfgay7wcmkf90nkaut5p5 24
cosmos13xeuw5fkg4te7zpceydsn4l3tqauvkwvjz3hrt 25
cosmos1sh6lgdhwmg0rr03te2lsyu88n0mlmryvcru7rf 26
cosmos1c4pnjw0s3upw53kkq5w0gx633wghw8ty77wusw 29
cosmos1wdal3x50r7yutzu9kh5v9f4p4ayrrsnl96s3v3 35
cosmos1nn5vcwlk9p9q4w3e2wyd5xlyzc2jk7eym0n8e9 51
cosmos1rwsq4kwraq5nxq26fnhstdwnlhjmdfjz92zdmk 55
cosmos1p8ywrdl0ygchke8xtw8vg924s70dxl4vnykslt 60
cosmos12z6zvc53yx2794lqkr7alhwtml3xzc6n294j75 62
cosmos1ydxzchmmvtsfwczklj49ezz2xm6ggudq3wqv4p 71
cosmos1mxves3jchrjertqjlrgypzlfwrd4v626nd4n37 105
cosmos1n04zsk3szg2ywxvaad9u7790k83nnjfqa8nt9q 122
cosmos14yc4z5jednwqzft5jlmte0xes9y8k44q4wjmzy 132
cosmos1qxts2q6sn9lg5sk8l0669yh3jgv8sysw26yvn0 186
cosmos1z35gsalj4p0ce7nwe28qenlklga0edf388r0g7 189
cosmos1l8qcr23jy4ssv2j4qvk9jg8z7fjp5l4maz8y7a 272
cosmos1p7d8mnjttcszv34pk2a5yyug3474mhffasa7tg 343
cosmos1pq2h29c7zwr68yvz2kxd540maxxfjawds76g0g 358
cosmos15md2qvgma8lnvqv67w0umu2paqkqkhege2evgl 392
cosmos1tdwk9hmmhsehmlcuxsc5k6zm06uce5caj9e3nn 439
cosmos1yvejj22t78s2vfk7slty2d7fs5lkc8rnnt3j9u 552
cosmos1v7726cex3q0cq5h45we46dq4pa8aezf7gyvwnh 822
cosmos14469fytjzrtgqpgra3983cuvrp0e2mlz3e686k 1523
