Signer                                        Times
cosmos1375lry8y8g6lpf8k9en09fgdwwv987ytrlfvgt 1
cosmos1jhnap89pyxmm3uuzg9hvph3rk8am5cp6ad4meh 1
cosmos14m4qf4zwvhhfvwmzgkth9ympnqx5wsx5ppsayw 2
cosmos12mjplz0nuv0lnlc3zxu3nhhlecv55t2vltuggl 3
cosmos14476h4xtmxqre0rpelcv5fqmtvnfda7p4fppnq 5
cosmos1ra2l6ftxenajvzx0asa3d3e8w7a9sxrjw0jyq7 5
cosmos1sw2cuffwlzndfs57czj29ttxrxtsgz9w2th2tu 6
cosmos1rwsq4kwraq5nxq26fnhstdwnlhjmdfjz92zdmk 7
cosmos1ctprl2u2pgcdlc07r9wzkx3jj036v2lh56ykvf 8
cosmos1j6d87t7ynqtq6us45nyqzjkvem2zz902vqajxy 9
cosmos1mxves3jchrjertqjlrgypzlfwrd4v626nd4n37 14
cosmos1uytq4m0yugh5ft5q567y9s798h3m06zwu8nl7p 21
cosmos1rhvj25tutkld9p43y6w8pdfhcfzk270dc76tmn 25
cosmos1w2f2lyz0nkth5j0zqhspryeguapgmas9gefjcm 32
cosmos1krrxd6pslcl4xt08y72dz8xs40j2cae38jt700 36
cosmos1f9k0728rcngqj7p2eeqk27v8dw5sw5ccydx77j 37
cosmos1zle48pm0knwpdevl2fl2ay2pk3dq5c07r9fk73 61
cosmos1auqwystavvfyslllf3tp56ekj0ad4vsfpnxf8x 73
cosmos1x3ds46zredsuqh6nlcp8pxy62apt0zl2aa2x7c 194
cosmos1p7d8mnjttcszv34pk2a5yyug3474mhffasa7tg 244
cosmos15md2qvgma8lnvqv67w0umu2paqkqkhege2evgl 270
cosmos1v7726cex3q0cq5h45we46dq4pa8aezf7gyvwnh 729
