Signer neutron1rhvj25tutkld9p43y6w8pdfhcfzk270dupnfp5 Height 1391 TxHash B3C813577F118FE4F140840134DA4D2179209EDF1CF011E7DDB10AF99B4A134B
Signer neutron1rhvj25tutkld9p43y6w8pdfhcfzk270dupnfp5 Height 1391 TxHash B3C813577F118FE4F140840134DA4D2179209EDF1CF011E7DDB10AF99B4A134B
Signer neutron1rhvj25tutkld9p43y6w8pdfhcfzk270dupnfp5 Height 1391 TxHash B3C813577F118FE4F140840134DA4D2179209EDF1CF011E7DDB10AF99B4A134B
Signer neutron1rhvj25tutkld9p43y6w8pdfhcfzk270dupnfp5 Height 1391 TxHash B3C813577F118FE4F140840134DA4D2179209EDF1CF011E7DDB10AF99B4A134B
Signer neutron1rhvj25tutkld9p43y6w8pdfhcfzk270dupnfp5 Height 1391 TxHash B3C813577F118FE4F140840134DA4D2179209EDF1CF011E7DDB10AF99B4A134B
Signer neutron1rhvj25tutkld9p43y6w8pdfhcfzk270dupnfp5 Height 1391 TxHash B3C813577F118FE4F140840134DA4D2179209EDF1CF011E7DDB10AF99B4A134B
Signer neutron1rhvj25tutkld9p43y6w8pdfhcfzk270dupnfp5 Height 1391 TxHash B3C813577F118FE4F140840134DA4D2179209EDF1CF011E7DDB10AF99B4A134B
Signer neutron1rhvj25tutkld9p43y6w8pdfhcfzk270dupnfp5 Height 1391 TxHash B3C813577F118FE4F140840134DA4D2179209EDF1CF011E7DDB10AF99B4A134B
Signer neutron1rhvj25tutkld9p43y6w8pdfhcfzk270dupnfp5 Height 1391 TxHash B3C813577F118FE4F140840134DA4D2179209EDF1CF011E7DDB10AF99B4A134B
Signer neutron1rhvj25tutkld9p43y6w8pdfhcfzk270dupnfp5 Height 1391 TxHash B3C813577F118FE4F140840134DA4D2179209EDF1CF011E7DDB10AF99B4A134B
Signer neutron1rhvj25tutkld9p43y6w8pdfhcfzk270dupnfp5 Height 1391 TxHash B3C813577F118FE4F140840134DA4D2179209EDF1CF011E7DDB10AF99B4A134B
Signer neutron1rhvj25tutkld9p43y6w8pdfhcfzk270dupnfp5 Height 1391 TxHash B3C813577F118FE4F140840134DA4D2179209EDF1CF011E7DDB10AF99B4A134B
Signer neutron1rhvj25tutkld9p43y6w8pdfhcfzk270dupnfp5 Height 1391 TxHash B3C813577F118FE4F140840134DA4D2179209EDF1CF011E7DDB10AF99B4A134B
Signer neutron1rhvj25tutkld9p43y6w8pdfhcfzk270dupnfp5 Height 1391 TxHash B3C813577F118FE4F140840134DA4D2179209EDF1CF011E7DDB10AF99B4A134B
Signer neutron1rhvj25tutkld9p43y6w8pdfhcfzk270dupnfp5 Height 1391 TxHash B3C813577F118FE4F140840134DA4D2179209EDF1CF011E7DDB10AF99B4A134B
Signer neutron1rhvj25tutkld9p43y6w8pdfhcfzk270dupnfp5 Height 1391 TxHash B3C813577F118FE4F140840134DA4D2179209EDF1CF011E7DDB10AF99B4A134B
Signer neutron1rhvj25tutkld9p43y6w8pdfhcfzk270dupnfp5 Height 1391 TxHash B3C813577F118FE4F140840134DA4D2179209EDF1CF011E7DDB10AF99B4A134B
Signer neutron1rhvj25tutkld9p43y6w8pdfhcfzk270dupnfp5 Height 1391 TxHash B3C813577F118FE4F140840134DA4D2179209EDF1CF011E7DDB10AF99B4A134B
Signer neutron1rhvj25tutkld9p43y6w8pdfhcfzk270dupnfp5 Height 1391 TxHash B3C813577F118FE4F140840134DA4D2179209EDF1CF011E7DDB10AF99B4A134B
Signer neutron1rhvj25tutkld9p43y6w8pdfhcfzk270dupnfp5 Height 1391 TxHash B3C813577F118FE4F140840134DA4D2179209EDF1CF011E7DDB10AF99B4A134B
Signer neutron1rhvj25tutkld9p43y6w8pdfhcfzk270dupnfp5 Height 1391 TxHash B3C813577F118FE4F140840134DA4D2179209EDF1CF011E7DDB10AF99B4A134B
Signer neutron1rhvj25tutkld9p43y6w8pdfhcfzk270dupnfp5 Height 1391 TxHash B3C813577F118FE4F140840134DA4D2179209EDF1CF011E7DDB10AF99B4A134B
Signer neutron1rhvj25tutkld9p43y6w8pdfhcfzk270dupnfp5 Height 1391 TxHash B3C813577F118FE4F140840134DA4D2179209EDF1CF011E7DDB10AF99B4A134B
Signer neutron1rhvj25tutkld9p43y6w8pdfhcfzk270dupnfp5 Height 1391 TxHash B3C813577F118FE4F140840134DA4D2179209EDF1CF011E7DDB10AF99B4A134B
Signer neutron1rhvj25tutkld9p43y6w8pdfhcfzk270dupnfp5 Height 1391 TxHash B3C813577F118FE4F140840134DA4D2179209EDF1CF011E7DDB10AF99B4A134B
Signer neutron1rhvj25tutkld9p43y6w8pdfhcfzk270dupnfp5 Height 1391 TxHash B3C813577F118FE4F140840134DA4D2179209EDF1CF011E7DDB10AF99B4A134B
Signer neutron1rhvj25tutkld9p43y6w8pdfhcfzk270dupnfp5 Height 1391 TxHash B3C813577F118FE4F140840134DA4D2179209EDF1CF011E7DDB10AF99B4A134B
Signer neutron1rhvj25tutkld9p43y6w8pdfhcfzk270dupnfp5 Height 1391 TxHash B3C813577F118FE4F140840134DA4D2179209EDF1CF011E7DDB10AF99B4A134B
Signer neutron1rhvj25tutkld9p43y6w8pdfhcfzk270dupnfp5 Height 1391 TxHash B3C813577F118FE4F140840134DA4D2179209EDF1CF011E7DDB10AF99B4A134B
Signer neutron1rhvj25tutkld9p43y6w8pdfhcfzk270dupnfp5 Height 1391 TxHash 616B02CA9E7E967450A4302FD3B55034283F2221CFF58DAFAA3F8230811D6850
Signer neutron1rhvj25tutkld9p43y6w8pdfhcfzk270dupnfp5 Height 1391 TxHash 616B02CA9E7E967450A4302FD3B55034283F2221CFF58DAFAA3F8230811D6850
Signer neutron1rhvj25tutkld9p43y6w8pdfhcfzk270dupnfp5 Height 1391 TxHash 616B02CA9E7E967450A4302FD3B55034283F2221CFF58DAFAA3F8230811D6850
Signer neutron1rhvj25tutkld9p43y6w8pdfhcfzk270dupnfp5 Height 1391 TxHash 616B02CA9E7E967450A4302FD3B55034283F2221CFF58DAFAA3F8230811D6850
Signer neutron1rhvj25tutkld9p43y6w8pdfhcfzk270dupnfp5 Height 1391 TxHash 616B02CA9E7E967450A4302FD3B55034283F2221CFF58DAFAA3F8230811D6850
Signer neutron1rhvj25tutkld9p43y6w8pdfhcfzk270dupnfp5 Height 1391 TxHash 616B02CA9E7E967450A4302FD3B55034283F2221CFF58DAFAA3F8230811D6850
Signer neutron1rhvj25tutkld9p43y6w8pdfhcfzk270dupnfp5 Height 1391 TxHash 616B02CA9E7E967450A4302FD3B55034283F2221CFF58DAFAA3F8230811D6850
Signer neutron1rhvj25tutkld9p43y6w8pdfhcfzk270dupnfp5 Height 1391 TxHash 616B02CA9E7E967450A4302FD3B55034283F2221CFF58DAFAA3F8230811D6850
Signer neutron1rhvj25tutkld9p43y6w8pdfhcfzk270dupnfp5 Height 1391 TxHash 616B02CA9E7E967450A4302FD3B55034283F2221CFF58DAFAA3F8230811D6850
Signer neutron1rhvj25tutkld9p43y6w8pdfhcfzk270dupnfp5 Height 1391 TxHash 616B02CA9E7E967450A4302FD3B55034283F2221CFF58DAFAA3F8230811D6850
Signer neutron1rhvj25tutkld9p43y6w8pdfhcfzk270dupnfp5 Height 1391 TxHash 616B02CA9E7E967450A4302FD3B55034283F2221CFF58DAFAA3F8230811D6850
Signer neutron1rhvj25tutkld9p43y6w8pdfhcfzk270dupnfp5 Height 1391 TxHash 616B02CA9E7E967450A4302FD3B55034283F2221CFF58DAFAA3F8230811D6850
Signer neutron1rhvj25tutkld9p43y6w8pdfhcfzk270dupnfp5 Height 1391 TxHash 616B02CA9E7E967450A4302FD3B55034283F2221CFF58DAFAA3F8230811D6850
Signer neutron1rhvj25tutkld9p43y6w8pdfhcfzk270dupnfp5 Height 1391 TxHash 616B02CA9E7E967450A4302FD3B55034283F2221CFF58DAFAA3F8230811D6850
Signer neutron1rhvj25tutkld9p43y6w8pdfhcfzk270dupnfp5 Height 1391 TxHash 616B02CA9E7E967450A4302FD3B55034283F2221CFF58DAFAA3F8230811D6850
Signer neutron1rhvj25tutkld9p43y6w8pdfhcfzk270dupnfp5 Height 1391 TxHash 616B02CA9E7E967450A4302FD3B55034283F2221CFF58DAFAA3F8230811D6850
Signer neutron1rhvj25tutkld9p43y6w8pdfhcfzk270dupnfp5 Height 1391 TxHash 616B02CA9E7E967450A4302FD3B55034283F2221CFF58DAFAA3F8230811D6850
Signer neutron1rhvj25tutkld9p43y6w8pdfhcfzk270dupnfp5 Height 1391 TxHash 616B02CA9E7E967450A4302FD3B55034283F2221CFF58DAFAA3F8230811D6850
Signer neutron1rhvj25tutkld9p43y6w8pdfhcfzk270dupnfp5 Height 1391 TxHash 616B02CA9E7E967450A4302FD3B55034283F2221CFF58DAFAA3F8230811D6850
Signer neutron1rhvj25tutkld9p43y6w8pdfhcfzk270dupnfp5 Height 1391 TxHash 616B02CA9E7E967450A4302FD3B55034283F2221CFF58DAFAA3F8230811D6850
Signer neutron1rhvj25tutkld9p43y6w8pdfhcfzk270dupnfp5 Height 1391 TxHash 616B02CA9E7E967450A4302FD3B55034283F2221CFF58DAFAA3F8230811D6850
Signer neutron1rhvj25tutkld9p43y6w8pdfhcfzk270dupnfp5 Height 1484 TxHash 90B3C28823398EF19E6ACD72EC63F4E06898C2C5AA07E5363A35A560290FB522
Signer neutron1rhvj25tutkld9p43y6w8pdfhcfzk270dupnfp5 Height 1484 TxHash 90B3C28823398EF19E6ACD72EC63F4E06898C2C5AA07E5363A35A560290FB522
Signer neutron1rhvj25tutkld9p43y6w8pdfhcfzk270dupnfp5 Height 1484 TxHash 90B3C28823398EF19E6ACD72EC63F4E06898C2C5AA07E5363A35A560290FB522
Signer neutron1rhvj25tutkld9p43y6w8pdfhcfzk270dupnfp5 Height 1484 TxHash 90B3C28823398EF19E6ACD72EC63F4E06898C2C5AA07E5363A35A560290FB522
Signer neutron1rhvj25tutkld9p43y6w8pdfhcfzk270dupnfp5 Height 1484 TxHash 90B3C28823398EF19E6ACD72EC63F4E06898C2C5AA07E5363A35A560290FB522
Signer neutron1rhvj25tutkld9p43y6w8pdfhcfzk270dupnfp5 Height 1484 TxHash 90B3C28823398EF19E6ACD72EC63F4E06898C2C5AA07E5363A35A560290FB522
Signer neutron1rhvj25tutkld9p43y6w8pdfhcfzk270dupnfp5 Height 1484 TxHash 90B3C28823398EF19E6ACD72EC63F4E06898C2C5AA07E5363A35A560290FB522
Signer neutron1rhvj25tutkld9p43y6w8pdfhcfzk270dupnfp5 Height 1484 TxHash 90B3C28823398EF19E6ACD72EC63F4E06898C2C5AA07E5363A35A560290FB522
Signer neutron1rhvj25tutkld9p43y6w8pdfhcfzk270dupnfp5 Height 1484 TxHash 90B3C28823398EF19E6ACD72EC63F4E06898C2C5AA07E5363A35A560290FB522
Signer neutron1rhvj25tutkld9p43y6w8pdfhcfzk270dupnfp5 Height 1484 TxHash 90B3C28823398EF19E6ACD72EC63F4E06898C2C5AA07E5363A35A560290FB522
Signer neutron1rhvj25tutkld9p43y6w8pdfhcfzk270dupnfp5 Height 1484 TxHash 90B3C28823398EF19E6ACD72EC63F4E06898C2C5AA07E5363A35A560290FB522
Signer neutron1rhvj25tutkld9p43y6w8pdfhcfzk270dupnfp5 Height 1484 TxHash 90B3C28823398EF19E6ACD72EC63F4E06898C2C5AA07E5363A35A560290FB522
Signer neutron1rhvj25tutkld9p43y6w8pdfhcfzk270dupnfp5 Height 1484 TxHash 90B3C28823398EF19E6ACD72EC63F4E06898C2C5AA07E5363A35A560290FB522
Signer neutron1rhvj25tutkld9p43y6w8pdfhcfzk270dupnfp5 Height 1484 TxHash 90B3C28823398EF19E6ACD72EC63F4E06898C2C5AA07E5363A35A560290FB522
Signer neutron1rhvj25tutkld9p43y6w8pdfhcfzk270dupnfp5 Height 1484 TxHash 90B3C28823398EF19E6ACD72EC63F4E06898C2C5AA07E5363A35A560290FB522
Signer neutron1rhvj25tutkld9p43y6w8pdfhcfzk270dupnfp5 Height 1484 TxHash 90B3C28823398EF19E6ACD72EC63F4E06898C2C5AA07E5363A35A560290FB522
Signer neutron1rhvj25tutkld9p43y6w8pdfhcfzk270dupnfp5 Height 1484 TxHash 90B3C28823398EF19E6ACD72EC63F4E06898C2C5AA07E5363A35A560290FB522
Signer neutron1rhvj25tutkld9p43y6w8pdfhcfzk270dupnfp5 Height 1484 TxHash 90B3C28823398EF19E6ACD72EC63F4E06898C2C5AA07E5363A35A560290FB522
Signer neutron1rhvj25tutkld9p43y6w8pdfhcfzk270dupnfp5 Height 1484 TxHash 90B3C28823398EF19E6ACD72EC63F4E06898C2C5AA07E5363A35A560290FB522
Signer neutron1rhvj25tutkld9p43y6w8pdfhcfzk270dupnfp5 Height 1484 TxHash 90B3C28823398EF19E6ACD72EC63F4E06898C2C5AA07E5363A35A560290FB522
Signer neutron1rhvj25tutkld9p43y6w8pdfhcfzk270dupnfp5 Height 1484 TxHash 90B3C28823398EF19E6ACD72EC63F4E06898C2C5AA07E5363A35A560290FB522
Signer neutron1rhvj25tutkld9p43y6w8pdfhcfzk270dupnfp5 Height 1484 TxHash 90B3C28823398EF19E6ACD72EC63F4E06898C2C5AA07E5363A35A560290FB522
Signer neutron1rhvj25tutkld9p43y6w8pdfhcfzk270dupnfp5 Height 1484 TxHash 90B3C28823398EF19E6ACD72EC63F4E06898C2C5AA07E5363A35A560290FB522
Signer neutron1rhvj25tutkld9p43y6w8pdfhcfzk270dupnfp5 Height 1484 TxHash 90B3C28823398EF19E6ACD72EC63F4E06898C2C5AA07E5363A35A560290FB522
Signer neutron1rhvj25tutkld9p43y6w8pdfhcfzk270dupnfp5 Height 1484 TxHash 90B3C28823398EF19E6ACD72EC63F4E06898C2C5AA07E5363A35A560290FB522
Signer neutron1rhvj25tutkld9p43y6w8pdfhcfzk270dupnfp5 Height 1484 TxHash 90B3C28823398EF19E6ACD72EC63F4E06898C2C5AA07E5363A35A560290FB522
Signer neutron1rhvj25tutkld9p43y6w8pdfhcfzk270dupnfp5 Height 1484 TxHash 90B3C28823398EF19E6ACD72EC63F4E06898C2C5AA07E5363A35A560290FB522
Signer neutron1rhvj25tutkld9p43y6w8pdfhcfzk270dupnfp5 Height 1484 TxHash 90B3C28823398EF19E6ACD72EC63F4E06898C2C5AA07E5363A35A560290FB522
Signer neutron1rhvj25tutkld9p43y6w8pdfhcfzk270dupnfp5 Height 1484 TxHash 90B3C28823398EF19E6ACD72EC63F4E06898C2C5AA07E5363A35A560290FB522
Signer neutron1rhvj25tutkld9p43y6w8pdfhcfzk270dupnfp5 Height 1484 TxHash 656B11B69FE576E7A71C70754C9BDB8F7E04E4B60285643E5FD70318EA8431DD
Signer neutron1rhvj25tutkld9p43y6w8pdfhcfzk270dupnfp5 Height 1484 TxHash 656B11B69FE576E7A71C70754C9BDB8F7E04E4B60285643E5FD70318EA8431DD
Signer neutron1rhvj25tutkld9p43y6w8pdfhcfzk270dupnfp5 Height 1484 TxHash 656B11B69FE576E7A71C70754C9BDB8F7E04E4B60285643E5FD70318EA8431DD
Signer neutron1rhvj25tutkld9p43y6w8pdfhcfzk270dupnfp5 Height 1484 TxHash 656B11B69FE576E7A71C70754C9BDB8F7E04E4B60285643E5FD70318EA8431DD
Signer neutron1rhvj25tutkld9p43y6w8pdfhcfzk270dupnfp5 Height 1484 TxHash 656B11B69FE576E7A71C70754C9BDB8F7E04E4B60285643E5FD70318EA8431DD
Signer neutron1rhvj25tutkld9p43y6w8pdfhcfzk270dupnfp5 Height 1484 TxHash 656B11B69FE576E7A71C70754C9BDB8F7E04E4B60285643E5FD70318EA8431DD
Signer neutron1rhvj25tutkld9p43y6w8pdfhcfzk270dupnfp5 Height 1484 TxHash 656B11B69FE576E7A71C70754C9BDB8F7E04E4B60285643E5FD70318EA8431DD
Signer neutron1rhvj25tutkld9p43y6w8pdfhcfzk270dupnfp5 Height 1484 TxHash 656B11B69FE576E7A71C70754C9BDB8F7E04E4B60285643E5FD70318EA8431DD
Signer neutron1rhvj25tutkld9p43y6w8pdfhcfzk270dupnfp5 Height 1484 TxHash 656B11B69FE576E7A71C70754C9BDB8F7E04E4B60285643E5FD70318EA8431DD
Signer neutron1rhvj25tutkld9p43y6w8pdfhcfzk270dupnfp5 Height 1484 TxHash 656B11B69FE576E7A71C70754C9BDB8F7E04E4B60285643E5FD70318EA8431DD
Signer neutron1rhvj25tutkld9p43y6w8pdfhcfzk270dupnfp5 Height 1484 TxHash 656B11B69FE576E7A71C70754C9BDB8F7E04E4B60285643E5FD70318EA8431DD
Signer neutron1rhvj25tutkld9p43y6w8pdfhcfzk270dupnfp5 Height 1484 TxHash 656B11B69FE576E7A71C70754C9BDB8F7E04E4B60285643E5FD70318EA8431DD
Signer neutron1rhvj25tutkld9p43y6w8pdfhcfzk270dupnfp5 Height 1484 TxHash 656B11B69FE576E7A71C70754C9BDB8F7E04E4B60285643E5FD70318EA8431DD
Signer neutron1rhvj25tutkld9p43y6w8pdfhcfzk270dupnfp5 Height 1484 TxHash 656B11B69FE576E7A71C70754C9BDB8F7E04E4B60285643E5FD70318EA8431DD
Signer neutron1rhvj25tutkld9p43y6w8pdfhcfzk270dupnfp5 Height 1484 TxHash 656B11B69FE576E7A71C70754C9BDB8F7E04E4B60285643E5FD70318EA8431DD
Signer neutron1rhvj25tutkld9p43y6w8pdfhcfzk270dupnfp5 Height 1484 TxHash 656B11B69FE576E7A71C70754C9BDB8F7E04E4B60285643E5FD70318EA8431DD
Signer neutron1rhvj25tutkld9p43y6w8pdfhcfzk270dupnfp5 Height 1484 TxHash 656B11B69FE576E7A71C70754C9BDB8F7E04E4B60285643E5FD70318EA8431DD
Signer neutron1rhvj25tutkld9p43y6w8pdfhcfzk270dupnfp5 Height 1484 TxHash 656B11B69FE576E7A71C70754C9BDB8F7E04E4B60285643E5FD70318EA8431DD
Signer neutron1rhvj25tutkld9p43y6w8pdfhcfzk270dupnfp5 Height 1484 TxHash 656B11B69FE576E7A71C70754C9BDB8F7E04E4B60285643E5FD70318EA8431DD
Signer neutron1rhvj25tutkld9p43y6w8pdfhcfzk270dupnfp5 Height 1484 TxHash 656B11B69FE576E7A71C70754C9BDB8F7E04E4B60285643E5FD70318EA8431DD
Signer neutron1rhvj25tutkld9p43y6w8pdfhcfzk270dupnfp5 Height 1484 TxHash 656B11B69FE576E7A71C70754C9BDB8F7E04E4B60285643E5FD70318EA8431DD
Signer neutron1rhvj25tutkld9p43y6w8pdfhcfzk270dupnfp5 Height 1485 TxHash 22D0777A07531ABD1438A0F1B07DCA2281E9D241E7D8BCA5E3F70978AF38CC31
Signer neutron1rhvj25tutkld9p43y6w8pdfhcfzk270dupnfp5 Height 1485 TxHash 22D0777A07531ABD1438A0F1B07DCA2281E9D241E7D8BCA5E3F70978AF38CC31
Signer neutron1rhvj25tutkld9p43y6w8pdfhcfzk270dupnfp5 Height 1485 TxHash 22D0777A07531ABD1438A0F1B07DCA2281E9D241E7D8BCA5E3F70978AF38CC31
Signer neutron1rhvj25tutkld9p43y6w8pdfhcfzk270dupnfp5 Height 1485 TxHash 22D0777A07531ABD1438A0F1B07DCA2281E9D241E7D8BCA5E3F70978AF38CC31
Signer neutron1rhvj25tutkld9p43y6w8pdfhcfzk270dupnfp5 Height 1485 TxHash 22D0777A07531ABD1438A0F1B07DCA2281E9D241E7D8BCA5E3F70978AF38CC31
Signer neutron1rhvj25tutkld9p43y6w8pdfhcfzk270dupnfp5 Height 1485 TxHash 22D0777A07531ABD1438A0F1B07DCA2281E9D241E7D8BCA5E3F70978AF38CC31
Signer neutron1rhvj25tutkld9p43y6w8pdfhcfzk270dupnfp5 Height 1485 TxHash 22D0777A07531ABD1438A0F1B07DCA2281E9D241E7D8BCA5E3F70978AF38CC31
Signer neutron1rhvj25tutkld9p43y6w8pdfhcfzk270dupnfp5 Height 1485 TxHash 22D0777A07531ABD1438A0F1B07DCA2281E9D241E7D8BCA5E3F70978AF38CC31
Signer neutron1rhvj25tutkld9p43y6w8pdfhcfzk270dupnfp5 Height 1485 TxHash 22D0777A07531ABD1438A0F1B07DCA2281E9D241E7D8BCA5E3F70978AF38CC31
Signer neutron1rhvj25tutkld9p43y6w8pdfhcfzk270dupnfp5 Height 1485 TxHash 22D0777A07531ABD1438A0F1B07DCA2281E9D241E7D8BCA5E3F70978AF38CC31
Signer neutron1rhvj25tutkld9p43y6w8pdfhcfzk270dupnfp5 Height 1485 TxHash 22D0777A07531ABD1438A0F1B07DCA2281E9D241E7D8BCA5E3F70978AF38CC31
Signer neutron1rhvj25tutkld9p43y6w8pdfhcfzk270dupnfp5 Height 1485 TxHash 22D0777A07531ABD1438A0F1B07DCA2281E9D241E7D8BCA5E3F70978AF38CC31
Signer neutron1rhvj25tutkld9p43y6w8pdfhcfzk270dupnfp5 Height 1485 TxHash 22D0777A07531ABD1438A0F1B07DCA2281E9D241E7D8BCA5E3F70978AF38CC31
Signer neutron1rhvj25tutkld9p43y6w8pdfhcfzk270dupnfp5 Height 1485 TxHash 22D0777A07531ABD1438A0F1B07DCA2281E9D241E7D8BCA5E3F70978AF38CC31
Signer neutron1rhvj25tutkld9p43y6w8pdfhcfzk270dupnfp5 Height 1485 TxHash 22D0777A07531ABD1438A0F1B07DCA2281E9D241E7D8BCA5E3F70978AF38CC31
Signer neutron1rhvj25tutkld9p43y6w8pdfhcfzk270dupnfp5 Height 1485 TxHash 22D0777A07531ABD1438A0F1B07DCA2281E9D241E7D8BCA5E3F70978AF38CC31
Signer neutron1rhvj25tutkld9p43y6w8pdfhcfzk270dupnfp5 Height 1485 TxHash 22D0777A07531ABD1438A0F1B07DCA2281E9D241E7D8BCA5E3F70978AF38CC31
Signer neutron1rhvj25tutkld9p43y6w8pdfhcfzk270dupnfp5 Height 1485 TxHash 22D0777A07531ABD1438A0F1B07DCA2281E9D241E7D8BCA5E3F70978AF38CC31
Signer neutron1rhvj25tutkld9p43y6w8pdfhcfzk270dupnfp5 Height 1485 TxHash 22D0777A07531ABD1438A0F1B07DCA2281E9D241E7D8BCA5E3F70978AF38CC31
Signer neutron1rhvj25tutkld9p43y6w8pdfhcfzk270dupnfp5 Height 1485 TxHash 22D0777A07531ABD1438A0F1B07DCA2281E9D241E7D8BCA5E3F70978AF38CC31
Signer neutron1rhvj25tutkld9p43y6w8pdfhcfzk270dupnfp5 Height 1485 TxHash 22D0777A07531ABD1438A0F1B07DCA2281E9D241E7D8BCA5E3F70978AF38CC31
Signer neutron1rhvj25tutkld9p43y6w8pdfhcfzk270dupnfp5 Height 1485 TxHash 22D0777A07531ABD1438A0F1B07DCA2281E9D241E7D8BCA5E3F70978AF38CC31
Signer neutron1rhvj25tutkld9p43y6w8pdfhcfzk270dupnfp5 Height 1485 TxHash 22D0777A07531ABD1438A0F1B07DCA2281E9D241E7D8BCA5E3F70978AF38CC31
Signer neutron1rhvj25tutkld9p43y6w8pdfhcfzk270dupnfp5 Height 1485 TxHash 22D0777A07531ABD1438A0F1B07DCA2281E9D241E7D8BCA5E3F70978AF38CC31
Signer neutron1rhvj25tutkld9p43y6w8pdfhcfzk270dupnfp5 Height 1485 TxHash 22D0777A07531ABD1438A0F1B07DCA2281E9D241E7D8BCA5E3F70978AF38CC31
Signer neutron1rhvj25tutkld9p43y6w8pdfhcfzk270dupnfp5 Height 1485 TxHash 22D0777A07531ABD1438A0F1B07DCA2281E9D241E7D8BCA5E3F70978AF38CC31
Signer neutron1rhvj25tutkld9p43y6w8pdfhcfzk270dupnfp5 Height 1485 TxHash 22D0777A07531ABD1438A0F1B07DCA2281E9D241E7D8BCA5E3F70978AF38CC31
Signer neutron1rhvj25tutkld9p43y6w8pdfhcfzk270dupnfp5 Height 1485 TxHash 22D0777A07531ABD1438A0F1B07DCA2281E9D241E7D8BCA5E3F70978AF38CC31
Signer neutron1rhvj25tutkld9p43y6w8pdfhcfzk270dupnfp5 Height 1485 TxHash 22D0777A07531ABD1438A0F1B07DCA2281E9D241E7D8BCA5E3F70978AF38CC31
Signer neutron1rhvj25tutkld9p43y6w8pdfhcfzk270dupnfp5 Height 1485 TxHash F06D6020E1467AD9974A95F5E720BCAEEF5A3AE9025348FC95EFC2D0B4EA4800
Signer neutron1rhvj25tutkld9p43y6w8pdfhcfzk270dupnfp5 Height 1485 TxHash F06D6020E1467AD9974A95F5E720BCAEEF5A3AE9025348FC95EFC2D0B4EA4800
Signer neutron1rhvj25tutkld9p43y6w8pdfhcfzk270dupnfp5 Height 1485 TxHash F06D6020E1467AD9974A95F5E720BCAEEF5A3AE9025348FC95EFC2D0B4EA4800
Signer neutron1rhvj25tutkld9p43y6w8pdfhcfzk270dupnfp5 Height 1485 TxHash F06D6020E1467AD9974A95F5E720BCAEEF5A3AE9025348FC95EFC2D0B4EA4800
Signer neutron1rhvj25tutkld9p43y6w8pdfhcfzk270dupnfp5 Height 1485 TxHash F06D6020E1467AD9974A95F5E720BCAEEF5A3AE9025348FC95EFC2D0B4EA4800
Signer neutron1rhvj25tutkld9p43y6w8pdfhcfzk270dupnfp5 Height 1485 TxHash F06D6020E1467AD9974A95F5E720BCAEEF5A3AE9025348FC95EFC2D0B4EA4800
Signer neutron1rhvj25tutkld9p43y6w8pdfhcfzk270dupnfp5 Height 1485 TxHash F06D6020E1467AD9974A95F5E720BCAEEF5A3AE9025348FC95EFC2D0B4EA4800
Signer neutron1rhvj25tutkld9p43y6w8pdfhcfzk270dupnfp5 Height 1485 TxHash F06D6020E1467AD9974A95F5E720BCAEEF5A3AE9025348FC95EFC2D0B4EA4800
Signer neutron1rhvj25tutkld9p43y6w8pdfhcfzk270dupnfp5 Height 1485 TxHash F06D6020E1467AD9974A95F5E720BCAEEF5A3AE9025348FC95EFC2D0B4EA4800
Signer neutron1rhvj25tutkld9p43y6w8pdfhcfzk270dupnfp5 Height 1485 TxHash F06D6020E1467AD9974A95F5E720BCAEEF5A3AE9025348FC95EFC2D0B4EA4800
Signer neutron1rhvj25tutkld9p43y6w8pdfhcfzk270dupnfp5 Height 1485 TxHash F06D6020E1467AD9974A95F5E720BCAEEF5A3AE9025348FC95EFC2D0B4EA4800
Signer neutron1rhvj25tutkld9p43y6w8pdfhcfzk270dupnfp5 Height 1485 TxHash F06D6020E1467AD9974A95F5E720BCAEEF5A3AE9025348FC95EFC2D0B4EA4800
Signer neutron1rhvj25tutkld9p43y6w8pdfhcfzk270dupnfp5 Height 1485 TxHash F06D6020E1467AD9974A95F5E720BCAEEF5A3AE9025348FC95EFC2D0B4EA4800
Signer neutron1rhvj25tutkld9p43y6w8pdfhcfzk270dupnfp5 Height 1485 TxHash F06D6020E1467AD9974A95F5E720BCAEEF5A3AE9025348FC95EFC2D0B4EA4800
Signer neutron1rhvj25tutkld9p43y6w8pdfhcfzk270dupnfp5 Height 1485 TxHash F06D6020E1467AD9974A95F5E720BCAEEF5A3AE9025348FC95EFC2D0B4EA4800
Signer neutron1rhvj25tutkld9p43y6w8pdfhcfzk270dupnfp5 Height 1485 TxHash F06D6020E1467AD9974A95F5E720BCAEEF5A3AE9025348FC95EFC2D0B4EA4800
Signer neutron1rhvj25tutkld9p43y6w8pdfhcfzk270dupnfp5 Height 1485 TxHash F06D6020E1467AD9974A95F5E720BCAEEF5A3AE9025348FC95EFC2D0B4EA4800
Signer neutron1rhvj25tutkld9p43y6w8pdfhcfzk270dupnfp5 Height 1485 TxHash F06D6020E1467AD9974A95F5E720BCAEEF5A3AE9025348FC95EFC2D0B4EA4800
Signer neutron1rhvj25tutkld9p43y6w8pdfhcfzk270dupnfp5 Height 1485 TxHash F06D6020E1467AD9974A95F5E720BCAEEF5A3AE9025348FC95EFC2D0B4EA4800
Signer neutron1rhvj25tutkld9p43y6w8pdfhcfzk270dupnfp5 Height 1485 TxHash F06D6020E1467AD9974A95F5E720BCAEEF5A3AE9025348FC95EFC2D0B4EA4800
Signer neutron1rhvj25tutkld9p43y6w8pdfhcfzk270dupnfp5 Height 1485 TxHash F06D6020E1467AD9974A95F5E720BCAEEF5A3AE9025348FC95EFC2D0B4EA4800
Signer neutron1rhvj25tutkld9p43y6w8pdfhcfzk270dupnfp5 Height 1572 TxHash 5469629756484797622A4AC9CBB06138A47261E80D9296213B3331E82DD9CDB7
Signer neutron1rhvj25tutkld9p43y6w8pdfhcfzk270dupnfp5 Height 1572 TxHash 5469629756484797622A4AC9CBB06138A47261E80D9296213B3331E82DD9CDB7
Signer neutron1rhvj25tutkld9p43y6w8pdfhcfzk270dupnfp5 Height 1572 TxHash 5469629756484797622A4AC9CBB06138A47261E80D9296213B3331E82DD9CDB7
Signer neutron1rhvj25tutkld9p43y6w8pdfhcfzk270dupnfp5 Height 1572 TxHash 5469629756484797622A4AC9CBB06138A47261E80D9296213B3331E82DD9CDB7
Signer neutron1rhvj25tutkld9p43y6w8pdfhcfzk270dupnfp5 Height 1572 TxHash 5469629756484797622A4AC9CBB06138A47261E80D9296213B3331E82DD9CDB7
Signer neutron1rhvj25tutkld9p43y6w8pdfhcfzk270dupnfp5 Height 1572 TxHash 5469629756484797622A4AC9CBB06138A47261E80D9296213B3331E82DD9CDB7
Signer neutron1rhvj25tutkld9p43y6w8pdfhcfzk270dupnfp5 Height 1572 TxHash 5469629756484797622A4AC9CBB06138A47261E80D9296213B3331E82DD9CDB7
Signer neutron1rhvj25tutkld9p43y6w8pdfhcfzk270dupnfp5 Height 1572 TxHash 5469629756484797622A4AC9CBB06138A47261E80D9296213B3331E82DD9CDB7
Signer neutron1rhvj25tutkld9p43y6w8pdfhcfzk270dupnfp5 Height 1572 TxHash 5469629756484797622A4AC9CBB06138A47261E80D9296213B3331E82DD9CDB7
Signer neutron1rhvj25tutkld9p43y6w8pdfhcfzk270dupnfp5 Height 1572 TxHash 5469629756484797622A4AC9CBB06138A47261E80D9296213B3331E82DD9CDB7
Signer neutron1rhvj25tutkld9p43y6w8pdfhcfzk270dupnfp5 Height 1572 TxHash 5469629756484797622A4AC9CBB06138A47261E80D9296213B3331E82DD9CDB7
Signer neutron1rhvj25tutkld9p43y6w8pdfhcfzk270dupnfp5 Height 1572 TxHash 5469629756484797622A4AC9CBB06138A47261E80D9296213B3331E82DD9CDB7
Signer neutron1rhvj25tutkld9p43y6w8pdfhcfzk270dupnfp5 Height 1572 TxHash 5469629756484797622A4AC9CBB06138A47261E80D9296213B3331E82DD9CDB7
Signer neutron1rhvj25tutkld9p43y6w8pdfhcfzk270dupnfp5 Height 1572 TxHash 5469629756484797622A4AC9CBB06138A47261E80D9296213B3331E82DD9CDB7
Signer neutron1rhvj25tutkld9p43y6w8pdfhcfzk270dupnfp5 Height 1572 TxHash 5469629756484797622A4AC9CBB06138A47261E80D9296213B3331E82DD9CDB7
Signer neutron1rhvj25tutkld9p43y6w8pdfhcfzk270dupnfp5 Height 1572 TxHash 5469629756484797622A4AC9CBB06138A47261E80D9296213B3331E82DD9CDB7
Signer neutron1rhvj25tutkld9p43y6w8pdfhcfzk270dupnfp5 Height 1572 TxHash 5469629756484797622A4AC9CBB06138A47261E80D9296213B3331E82DD9CDB7
Signer neutron1rhvj25tutkld9p43y6w8pdfhcfzk270dupnfp5 Height 1572 TxHash 5469629756484797622A4AC9CBB06138A47261E80D9296213B3331E82DD9CDB7
Signer neutron1rhvj25tutkld9p43y6w8pdfhcfzk270dupnfp5 Height 1572 TxHash 5469629756484797622A4AC9CBB06138A47261E80D9296213B3331E82DD9CDB7
Signer neutron1rhvj25tutkld9p43y6w8pdfhcfzk270dupnfp5 Height 1572 TxHash 5469629756484797622A4AC9CBB06138A47261E80D9296213B3331E82DD9CDB7
Signer neutron1rhvj25tutkld9p43y6w8pdfhcfzk270dupnfp5 Height 1572 TxHash 5469629756484797622A4AC9CBB06138A47261E80D9296213B3331E82DD9CDB7
Signer neutron1rhvj25tutkld9p43y6w8pdfhcfzk270dupnfp5 Height 1572 TxHash 5469629756484797622A4AC9CBB06138A47261E80D9296213B3331E82DD9CDB7
Signer neutron1rhvj25tutkld9p43y6w8pdfhcfzk270dupnfp5 Height 1572 TxHash 5469629756484797622A4AC9CBB06138A47261E80D9296213B3331E82DD9CDB7
Signer neutron1rhvj25tutkld9p43y6w8pdfhcfzk270dupnfp5 Height 1572 TxHash 5469629756484797622A4AC9CBB06138A47261E80D9296213B3331E82DD9CDB7
Signer neutron1rhvj25tutkld9p43y6w8pdfhcfzk270dupnfp5 Height 1572 TxHash 5469629756484797622A4AC9CBB06138A47261E80D9296213B3331E82DD9CDB7
Signer neutron1rhvj25tutkld9p43y6w8pdfhcfzk270dupnfp5 Height 1572 TxHash 5469629756484797622A4AC9CBB06138A47261E80D9296213B3331E82DD9CDB7
Signer neutron1rhvj25tutkld9p43y6w8pdfhcfzk270dupnfp5 Height 1572 TxHash 5469629756484797622A4AC9CBB06138A47261E80D9296213B3331E82DD9CDB7
Signer neutron1rhvj25tutkld9p43y6w8pdfhcfzk270dupnfp5 Height 1572 TxHash 5469629756484797622A4AC9CBB06138A47261E80D9296213B3331E82DD9CDB7
Signer neutron1rhvj25tutkld9p43y6w8pdfhcfzk270dupnfp5 Height 1572 TxHash 5469629756484797622A4AC9CBB06138A47261E80D9296213B3331E82DD9CDB7
Signer neutron1rhvj25tutkld9p43y6w8pdfhcfzk270dupnfp5 Height 1572 TxHash CD939D041C9FE51326FB837E4431874B3B816EF908E1846723835FD302601301
Signer neutron1rhvj25tutkld9p43y6w8pdfhcfzk270dupnfp5 Height 1576 TxHash 583E6A419F61B76A8D787A2E6EA022367A62347D2CC6CAA2232D9D34F3E9477A
Signer neutron1rhvj25tutkld9p43y6w8pdfhcfzk270dupnfp5 Height 1750 TxHash 89755BDD5D0CF8BFB4BA72444A66558699CE59C765BCBF99FBB654AFDE8741C8
Signer neutron1rhvj25tutkld9p43y6w8pdfhcfzk270dupnfp5 Height 1750 TxHash 89755BDD5D0CF8BFB4BA72444A66558699CE59C765BCBF99FBB654AFDE8741C8
Signer neutron1rhvj25tutkld9p43y6w8pdfhcfzk270dupnfp5 Height 1750 TxHash 89755BDD5D0CF8BFB4BA72444A66558699CE59C765BCBF99FBB654AFDE8741C8
